mode: atomic
github.com/galxe/spotted-network/cmd/operator/main.go:25.13,27.15 2 0
github.com/galxe/spotted-network/cmd/operator/main.go:27.15,29.3 1 0
github.com/galxe/spotted-network/cmd/operator/main.go:31.2,41.16 8 0
github.com/galxe/spotted-network/cmd/operator/main.go:41.16,44.3 2 0
github.com/galxe/spotted-network/cmd/operator/main.go:46.2,46.20 1 0
github.com/galxe/spotted-network/cmd/operator/main.go:46.20,49.17 2 0
github.com/galxe/spotted-network/cmd/operator/main.go:49.17,52.4 2 0
github.com/galxe/spotted-network/cmd/operator/main.go:53.3,54.9 2 0
github.com/galxe/spotted-network/cmd/operator/main.go:57.2,57.28 1 0
github.com/galxe/spotted-network/cmd/operator/main.go:57.28,60.3 2 0
github.com/galxe/spotted-network/cmd/operator/main.go:63.2,64.22 2 0
github.com/galxe/spotted-network/cmd/operator/main.go:64.22,66.3 1 0
github.com/galxe/spotted-network/cmd/operator/main.go:69.2,70.16 2 0
github.com/galxe/spotted-network/cmd/operator/main.go:70.16,73.3 2 0
github.com/galxe/spotted-network/cmd/operator/main.go:76.2,79.12 2 0
github.com/galxe/spotted-network/cmd/operator/main.go:79.12,80.46 1 0
github.com/galxe/spotted-network/cmd/operator/main.go:80.46,83.4 2 0
github.com/galxe/spotted-network/cmd/operator/main.go:87.2,88.16 2 0
github.com/galxe/spotted-network/cmd/operator/main.go:88.16,91.3 2 0
github.com/galxe/spotted-network/cmd/operator/main.go:92.2,97.16 4 0
github.com/galxe/spotted-network/cmd/operator/main.go:97.16,100.3 2 0
github.com/galxe/spotted-network/cmd/operator/main.go:101.2,105.16 3 0
github.com/galxe/spotted-network/cmd/operator/main.go:105.16,108.3 2 0
github.com/galxe/spotted-network/cmd/operator/main.go:109.2,129.16 8 0
github.com/galxe/spotted-network/cmd/operator/main.go:129.16,132.3 2 0
github.com/galxe/spotted-network/cmd/operator/main.go:135.2,135.40 1 0
github.com/galxe/spotted-network/cmd/operator/main.go:135.40,138.3 2 0
github.com/galxe/spotted-network/cmd/operator/main.go:140.2,144.9 3 0
github.com/galxe/spotted-network/cmd/registry/main.go:29.13,31.15 2 0
github.com/galxe/spotted-network/cmd/registry/main.go:31.15,33.3 1 0
github.com/galxe/spotted-network/cmd/registry/main.go:36.2,37.22 2 0
github.com/galxe/spotted-network/cmd/registry/main.go:37.22,39.3 1 0
github.com/galxe/spotted-network/cmd/registry/main.go:42.2,53.16 7 0
github.com/galxe/spotted-network/cmd/registry/main.go:53.16,56.3 2 0
github.com/galxe/spotted-network/cmd/registry/main.go:59.2,62.12 2 0
github.com/galxe/spotted-network/cmd/registry/main.go:62.12,63.46 1 0
github.com/galxe/spotted-network/cmd/registry/main.go:63.46,65.4 1 0
github.com/galxe/spotted-network/cmd/registry/main.go:69.2,70.16 2 0
github.com/galxe/spotted-network/cmd/registry/main.go:70.16,73.3 2 0
github.com/galxe/spotted-network/cmd/registry/main.go:74.2,78.16 3 0
github.com/galxe/spotted-network/cmd/registry/main.go:78.16,81.3 2 0
github.com/galxe/spotted-network/cmd/registry/main.go:82.2,96.16 6 0
github.com/galxe/spotted-network/cmd/registry/main.go:96.16,99.3 2 0
github.com/galxe/spotted-network/cmd/registry/main.go:100.2,106.16 3 0
github.com/galxe/spotted-network/cmd/registry/main.go:106.16,109.3 2 0
github.com/galxe/spotted-network/cmd/registry/main.go:113.2,114.16 2 0
github.com/galxe/spotted-network/cmd/registry/main.go:114.16,116.3 1 0
github.com/galxe/spotted-network/cmd/registry/main.go:117.2,119.16 3 0
github.com/galxe/spotted-network/cmd/registry/main.go:119.16,121.3 1 0
github.com/galxe/spotted-network/cmd/registry/main.go:124.2,131.16 2 0
github.com/galxe/spotted-network/cmd/registry/main.go:131.16,133.3 1 0
github.com/galxe/spotted-network/cmd/registry/main.go:134.2,140.9 4 0
github.com/galxe/spotted-network/internal/database/cache/cache.go:73.18,80.2 2 6
github.com/galxe/spotted-network/internal/database/cache/cache.go:83.113,85.16 2 8
github.com/galxe/spotted-network/internal/database/cache/cache.go:85.16,88.15 2 0
github.com/galxe/spotted-network/internal/database/cache/cache.go:88.15,90.4 1 0
github.com/galxe/spotted-network/internal/database/cache/cache.go:91.3,91.13 1 0
github.com/galxe/spotted-network/internal/database/cache/cache.go:94.2,95.14 2 7
github.com/galxe/spotted-network/internal/database/cache/cache.go:95.14,97.3 1 0
github.com/galxe/spotted-network/internal/database/cache/cache.go:98.2,99.14 2 7
github.com/galxe/spotted-network/internal/database/cache/cache.go:99.14,103.3 1 0
github.com/galxe/spotted-network/internal/database/cache/cache.go:104.2,105.14 2 7
github.com/galxe/spotted-network/internal/database/cache/cache.go:105.14,107.3 1 0
github.com/galxe/spotted-network/internal/database/cache/cache.go:108.2,108.12 1 7
github.com/galxe/spotted-network/internal/database/cache/cache.go:111.31,113.2 1 237
github.com/galxe/spotted-network/internal/database/cache/cache.go:115.30,117.2 1 107
github.com/galxe/spotted-network/internal/database/cache/cache.go:120.127,121.76 1 128
github.com/galxe/spotted-network/internal/database/cache/cache.go:121.76,124.3 2 6
github.com/galxe/spotted-network/internal/database/cache/cache.go:125.2,125.51 1 128
github.com/galxe/spotted-network/internal/database/cache/cache.go:129.121,132.1 3 132
github.com/galxe/spotted-network/internal/database/cache/cache.go:133.2,135.14 2 226
github.com/galxe/spotted-network/internal/database/cache/cache.go:135.14,136.21 1 103
github.com/galxe/spotted-network/internal/database/cache/cache.go:136.21,139.4 2 0
github.com/galxe/spotted-network/internal/database/cache/cache.go:143.3,144.17 2 103
github.com/galxe/spotted-network/internal/database/cache/cache.go:144.17,147.4 2 0
github.com/galxe/spotted-network/internal/database/cache/cache.go:148.3,148.14 1 103
github.com/galxe/spotted-network/internal/database/cache/cache.go:148.14,150.4 1 8
github.com/galxe/spotted-network/internal/database/cache/cache.go:152.3,152.21 1 95
github.com/galxe/spotted-network/internal/database/cache/cache.go:152.21,155.4 2 2
github.com/galxe/spotted-network/internal/database/cache/cache.go:157.3,157.10 1 95
github.com/galxe/spotted-network/internal/database/cache/cache.go:158.21,159.21 1 0
github.com/galxe/spotted-network/internal/database/cache/cache.go:160.31,161.14 1 94
github.com/galxe/spotted-network/internal/database/cache/cache.go:162.25,164.21 1 1
github.com/galxe/spotted-network/internal/database/cache/cache.go:167.2,168.14 2 123
github.com/galxe/spotted-network/internal/database/cache/cache.go:168.14,170.3 1 0
github.com/galxe/spotted-network/internal/database/cache/cache.go:171.2,171.12 1 123
github.com/galxe/spotted-network/internal/database/cache/cache.go:175.72,177.27 2 4
github.com/galxe/spotted-network/internal/database/cache/cache.go:177.27,179.17 2 4
github.com/galxe/spotted-network/internal/database/cache/cache.go:179.17,181.4 1 0
github.com/galxe/spotted-network/internal/database/cache/cache.go:183.2,183.12 1 4
github.com/galxe/spotted-network/internal/database/cache/cache.go:186.72,188.16 2 4
github.com/galxe/spotted-network/internal/database/cache/cache.go:188.16,190.3 1 0
github.com/galxe/spotted-network/internal/database/cache/cache.go:191.2,191.12 1 4
github.com/galxe/spotted-network/internal/database/cache/cache.go:195.97,197.14 2 0
github.com/galxe/spotted-network/internal/database/cache/cache.go:197.14,199.3 1 0
github.com/galxe/spotted-network/internal/database/cache/cache.go:200.2,201.14 2 0
github.com/galxe/spotted-network/internal/database/cache/cache.go:201.14,203.3 1 0
github.com/galxe/spotted-network/internal/database/cache/cache.go:204.2,204.12 1 0
github.com/galxe/spotted-network/internal/database/cache/cache.go:209.49,210.31 1 7
github.com/galxe/spotted-network/internal/database/cache/cache.go:211.11,212.18 1 0
github.com/galxe/spotted-network/internal/database/cache/cache.go:213.14,214.20 1 0
github.com/galxe/spotted-network/internal/database/cache/cache.go:215.14,216.28 1 6
github.com/galxe/spotted-network/internal/database/cache/cache.go:219.2,220.16 2 1
github.com/galxe/spotted-network/internal/database/cache/cache.go:220.16,222.3 1 0
github.com/galxe/spotted-network/internal/database/cache/cache.go:224.2,224.15 1 1
github.com/galxe/spotted-network/internal/database/cache/cache.go:228.51,229.17 1 130
github.com/galxe/spotted-network/internal/database/cache/cache.go:229.17,231.3 1 0
github.com/galxe/spotted-network/internal/database/cache/cache.go:233.2,233.31 1 130
github.com/galxe/spotted-network/internal/database/cache/cache.go:234.11,235.13 1 0
github.com/galxe/spotted-network/internal/database/cache/cache.go:236.15,240.13 4 0
github.com/galxe/spotted-network/internal/database/cache/cache.go:241.15,243.13 2 128
github.com/galxe/spotted-network/internal/database/cache/cache.go:246.2,246.36 1 2
github.com/galxe/spotted-network/internal/database/cache/config.go:31.61,42.21 9 0
github.com/galxe/spotted-network/internal/database/cache/config.go:42.21,50.3 1 0
github.com/galxe/spotted-network/internal/database/cache/config.go:50.8,50.26 1 0
github.com/galxe/spotted-network/internal/database/cache/config.go:50.26,57.22 2 0
github.com/galxe/spotted-network/internal/database/cache/config.go:57.22,63.4 1 0
github.com/galxe/spotted-network/internal/database/cache/config.go:64.3,64.40 1 0
github.com/galxe/spotted-network/internal/database/cache/config.go:65.8,69.17 4 0
github.com/galxe/spotted-network/internal/database/cache/config.go:69.17,70.58 1 0
github.com/galxe/spotted-network/internal/database/cache/config.go:72.3,72.26 1 0
github.com/galxe/spotted-network/internal/database/cache/config.go:72.26,74.4 1 0
github.com/galxe/spotted-network/internal/database/cache/config.go:76.3,77.26 2 0
github.com/galxe/spotted-network/internal/database/cache/config.go:77.26,79.4 1 0
github.com/galxe/spotted-network/internal/database/cache/config.go:80.3,86.5 1 0
github.com/galxe/spotted-network/internal/database/cache/config.go:96.2,98.65 3 0
github.com/galxe/spotted-network/internal/database/cache/config.go:98.65,100.3 1 0
github.com/galxe/spotted-network/internal/database/cache/config.go:101.2,101.65 1 0
github.com/galxe/spotted-network/internal/database/cache/config.go:101.65,103.3 1 0
github.com/galxe/spotted-network/internal/database/cache/config.go:104.2,104.52 1 0
github.com/galxe/spotted-network/internal/database/cache/config.go:104.52,106.3 1 0
github.com/galxe/spotted-network/internal/database/cache/config.go:107.2,107.20 1 0
github.com/galxe/spotted-network/internal/database/cache/dcache.go:20.106,31.2 4 0
github.com/galxe/spotted-network/internal/database/cache/init.go:10.79,15.16 3 0
github.com/galxe/spotted-network/internal/database/cache/init.go:15.16,17.3 1 0
github.com/galxe/spotted-network/internal/database/cache/init.go:18.2,18.31 1 0
github.com/galxe/spotted-network/internal/goodns/goodns.go:13.81,15.2 1 0
github.com/galxe/spotted-network/internal/goodns/goodns.go:18.109,20.2 1 0
github.com/galxe/spotted-network/internal/goodns/goodns.go:24.99,28.22 3 0
github.com/galxe/spotted-network/internal/goodns/goodns.go:28.22,30.17 2 0
github.com/galxe/spotted-network/internal/goodns/goodns.go:30.17,32.4 1 0
github.com/galxe/spotted-network/internal/goodns/goodns.go:33.3,34.41 2 0
github.com/galxe/spotted-network/internal/goodns/goodns.go:34.41,36.4 1 0
github.com/galxe/spotted-network/internal/goodns/goodns.go:36.9,38.4 1 0
github.com/galxe/spotted-network/internal/goodns/goodns.go:39.8,41.3 1 0
github.com/galxe/spotted-network/internal/goodns/goodns.go:43.2,44.12 2 0
github.com/galxe/spotted-network/internal/goodns/goodns.go:44.12,46.3 1 0
github.com/galxe/spotted-network/internal/goodns/goodns.go:49.2,55.16 7 0
github.com/galxe/spotted-network/internal/goodns/goodns.go:55.16,57.3 1 0
github.com/galxe/spotted-network/internal/goodns/goodns.go:59.2,59.17 1 0
github.com/galxe/spotted-network/internal/goodns/goodns.go:59.17,61.3 1 0
github.com/galxe/spotted-network/internal/goodns/goodns.go:64.2,65.34 2 0
github.com/galxe/spotted-network/internal/goodns/goodns.go:65.34,66.32 1 0
github.com/galxe/spotted-network/internal/goodns/goodns.go:66.32,68.4 1 0
github.com/galxe/spotted-network/internal/goodns/goodns.go:70.2,70.17 1 0
github.com/galxe/spotted-network/internal/database/wpgx/config_options.go:12.78,13.30 1 0
github.com/galxe/spotted-network/internal/database/wpgx/config_options.go:13.30,15.3 1 0
github.com/galxe/spotted-network/internal/database/wpgx/init.go:11.105,15.16 4 0
github.com/galxe/spotted-network/internal/database/wpgx/init.go:15.16,17.3 1 0
github.com/galxe/spotted-network/internal/database/wpgx/init.go:18.2,18.18 1 0
github.com/galxe/spotted-network/internal/database/wpgx/pool.go:10.105,12.33 2 0
github.com/galxe/spotted-network/internal/database/wpgx/pool.go:12.33,14.3 1 0
github.com/galxe/spotted-network/internal/database/wpgx/pool.go:15.2,17.16 3 0
github.com/galxe/spotted-network/internal/database/wpgx/pool.go:17.16,19.3 1 0
github.com/galxe/spotted-network/internal/database/wpgx/pool.go:20.2,20.38 1 0
github.com/galxe/spotted-network/internal/database/wpgx/pool.go:20.38,22.3 1 0
github.com/galxe/spotted-network/internal/database/wpgx/pool.go:23.2,24.50 2 0
github.com/galxe/spotted-network/internal/database/wpgx/pool.go:24.50,25.43 1 0
github.com/galxe/spotted-network/internal/database/wpgx/pool.go:25.43,27.4 1 0
github.com/galxe/spotted-network/internal/database/wpgx/pool.go:28.3,28.61 1 0
github.com/galxe/spotted-network/internal/database/wpgx/pool.go:30.2,30.18 1 0
github.com/galxe/spotted-network/internal/goodns/goodns.go:13.81,15.2 1 0
github.com/galxe/spotted-network/internal/goodns/goodns.go:18.109,20.2 1 0
github.com/galxe/spotted-network/internal/goodns/goodns.go:24.99,28.22 3 0
github.com/galxe/spotted-network/internal/goodns/goodns.go:28.22,30.17 2 0
github.com/galxe/spotted-network/internal/goodns/goodns.go:30.17,32.4 1 0
github.com/galxe/spotted-network/internal/goodns/goodns.go:33.3,34.41 2 0
github.com/galxe/spotted-network/internal/goodns/goodns.go:34.41,36.4 1 0
github.com/galxe/spotted-network/internal/goodns/goodns.go:36.9,38.4 1 0
github.com/galxe/spotted-network/internal/goodns/goodns.go:39.8,41.3 1 0
github.com/galxe/spotted-network/internal/goodns/goodns.go:43.2,44.12 2 0
github.com/galxe/spotted-network/internal/goodns/goodns.go:44.12,46.3 1 0
github.com/galxe/spotted-network/internal/goodns/goodns.go:49.2,55.16 7 0
github.com/galxe/spotted-network/internal/goodns/goodns.go:55.16,57.3 1 0
github.com/galxe/spotted-network/internal/goodns/goodns.go:59.2,59.17 1 0
github.com/galxe/spotted-network/internal/goodns/goodns.go:59.17,61.3 1 0
github.com/galxe/spotted-network/internal/goodns/goodns.go:64.2,65.34 2 0
github.com/galxe/spotted-network/internal/goodns/goodns.go:65.34,66.32 1 0
github.com/galxe/spotted-network/internal/goodns/goodns.go:66.32,68.4 1 0
github.com/galxe/spotted-network/internal/goodns/goodns.go:70.2,70.17 1 0
github.com/galxe/spotted-network/internal/metric/metric.go:50.32,51.17 1 0
github.com/galxe/spotted-network/internal/metric/metric.go:51.17,54.3 2 0
github.com/galxe/spotted-network/internal/metric/metric.go:55.2,55.28 1 0
github.com/galxe/spotted-network/internal/metric/metric.go:58.32,61.2 2 0
github.com/galxe/spotted-network/internal/metric/metric.go:64.45,66.2 1 0
github.com/galxe/spotted-network/internal/metric/metric.go:69.77,71.2 1 0
github.com/galxe/spotted-network/internal/metric/metric.go:74.36,76.2 1 0
github.com/galxe/spotted-network/internal/zerolog/init.go:7.29,8.11 1 0
github.com/galxe/spotted-network/internal/zerolog/init.go:8.11,10.3 1 0
github.com/galxe/spotted-network/internal/zerolog/init.go:10.8,12.3 1 0
github.com/galxe/spotted-network/internal/zerolog/init.go:13.2,13.21 1 0
github.com/galxe/spotted-network/internal/zerolog/otel.go:15.13,17.2 1 0
github.com/galxe/spotted-network/internal/zerolog/otel.go:19.26,33.2 8 0
github.com/galxe/spotted-network/internal/zerolog/init.go:7.29,8.11 1 1
github.com/galxe/spotted-network/internal/zerolog/init.go:8.11,10.3 1 1
github.com/galxe/spotted-network/internal/zerolog/init.go:10.8,12.3 1 0
github.com/galxe/spotted-network/internal/zerolog/init.go:13.2,13.21 1 1
github.com/galxe/spotted-network/internal/zerolog/otel.go:15.13,17.2 1 1
github.com/galxe/spotted-network/internal/zerolog/otel.go:19.26,33.2 8 2
github.com/galxe/spotted-network/internal/zerolog/log/ctx.go:11.47,12.41 1 0
github.com/galxe/spotted-network/internal/zerolog/log/ctx.go:12.41,14.3 1 0
github.com/galxe/spotted-network/internal/zerolog/log/ctx.go:15.2,16.16 2 0
github.com/galxe/spotted-network/internal/zerolog/log/ctx.go:20.41,22.2 1 0
github.com/galxe/spotted-network/internal/zerolog/log/ctx.go:25.29,27.2 1 1
github.com/galxe/spotted-network/internal/zerolog/log/ctx.go:30.48,32.2 1 0
github.com/galxe/spotted-network/internal/zerolog/log/ctx.go:35.47,37.2 1 0
github.com/galxe/spotted-network/internal/zerolog/log/ctx.go:40.42,42.2 1 0
github.com/galxe/spotted-network/internal/zerolog/log/ctx.go:48.36,50.2 1 0
github.com/galxe/spotted-network/internal/zerolog/log/ctx.go:55.29,57.2 1 0
github.com/galxe/spotted-network/internal/zerolog/log/ctx.go:62.29,64.2 1 0
github.com/galxe/spotted-network/internal/zerolog/log/ctx.go:69.28,71.2 1 0
github.com/galxe/spotted-network/internal/zerolog/log/ctx.go:76.28,78.2 1 0
github.com/galxe/spotted-network/internal/zerolog/log/ctx.go:83.29,85.2 1 0
github.com/galxe/spotted-network/internal/zerolog/log/ctx.go:91.29,93.2 1 0
github.com/galxe/spotted-network/internal/zerolog/log/ctx.go:99.29,101.2 1 0
github.com/galxe/spotted-network/pkg/common/merkle.go:24.50,25.21 1 0
github.com/galxe/spotted-network/pkg/common/merkle.go:25.21,27.3 1 0
github.com/galxe/spotted-network/pkg/common/merkle.go:30.2,31.29 2 0
github.com/galxe/spotted-network/pkg/common/merkle.go:31.29,33.3 1 0
github.com/galxe/spotted-network/pkg/common/merkle.go:36.2,45.20 5 0
github.com/galxe/spotted-network/pkg/common/merkle.go:45.20,48.37 2 0
github.com/galxe/spotted-network/pkg/common/merkle.go:48.37,54.23 3 0
github.com/galxe/spotted-network/pkg/common/merkle.go:54.23,56.5 1 0
github.com/galxe/spotted-network/pkg/common/merkle.go:56.10,58.5 1 0
github.com/galxe/spotted-network/pkg/common/merkle.go:61.4,63.44 3 0
github.com/galxe/spotted-network/pkg/common/merkle.go:66.3,67.28 2 0
github.com/galxe/spotted-network/pkg/common/merkle.go:69.2,70.13 2 0
github.com/galxe/spotted-network/pkg/common/merkle.go:74.41,75.23 1 0
github.com/galxe/spotted-network/pkg/common/merkle.go:75.23,77.3 1 0
github.com/galxe/spotted-network/pkg/common/merkle.go:78.2,78.32 1 0
github.com/galxe/spotted-network/pkg/common/merkle.go:82.47,84.2 1 0
github.com/galxe/spotted-network/pkg/common/merkle.go:89.38,92.2 2 0
github.com/galxe/spotted-network/pkg/common/utils.go:31.47,32.30 1 0
github.com/galxe/spotted-network/pkg/common/utils.go:32.30,34.3 1 0
github.com/galxe/spotted-network/pkg/common/utils.go:35.2,36.15 2 0
github.com/galxe/spotted-network/pkg/common/utils.go:36.15,39.3 2 0
github.com/galxe/spotted-network/pkg/common/utils.go:39.8,39.22 1 0
github.com/galxe/spotted-network/pkg/common/utils.go:39.22,42.3 2 0
github.com/galxe/spotted-network/pkg/common/utils.go:43.2,43.24 1 0
github.com/galxe/spotted-network/pkg/common/utils.go:47.58,48.16 1 0
github.com/galxe/spotted-network/pkg/common/utils.go:48.16,50.6 1 0
github.com/galxe/spotted-network/pkg/common/utils.go:51.5,55.18 5 0
github.com/galxe/spotted-network/pkg/common/utils.go:55.18,60.6 4 0
github.com/galxe/spotted-network/pkg/common/utils.go:62.5,66.33 5 0
github.com/galxe/spotted-network/pkg/common/utils.go:66.33,68.6 1 0
github.com/galxe/spotted-network/pkg/common/utils.go:69.5,69.20 1 0
github.com/galxe/spotted-network/pkg/common/utils.go:73.47,74.19 1 0
github.com/galxe/spotted-network/pkg/common/utils.go:74.19,76.6 1 0
github.com/galxe/spotted-network/pkg/common/utils.go:77.5,78.29 2 0
github.com/galxe/spotted-network/pkg/common/utils.go:82.49,83.19 1 0
github.com/galxe/spotted-network/pkg/common/utils.go:83.19,85.6 1 0
github.com/galxe/spotted-network/pkg/common/utils.go:86.5,87.30 2 0
github.com/galxe/spotted-network/pkg/common/utils.go:90.40,91.13 1 0
github.com/galxe/spotted-network/pkg/common/utils.go:91.13,93.3 1 0
github.com/galxe/spotted-network/pkg/common/utils.go:95.2,97.10 2 0
github.com/galxe/spotted-network/pkg/common/utils.go:101.49,103.2 1 0
github.com/galxe/spotted-network/pkg/common/utils.go:106.47,108.2 1 0
github.com/galxe/spotted-network/pkg/common/utils.go:110.37,114.2 3 0
github.com/galxe/spotted-network/pkg/common/utils.go:118.122,121.16 2 0
github.com/galxe/spotted-network/pkg/common/utils.go:121.16,123.3 1 0
github.com/galxe/spotted-network/pkg/common/utils.go:126.2,126.26 1 0
github.com/galxe/spotted-network/pkg/common/utils.go:132.120,135.16 2 0
github.com/galxe/spotted-network/pkg/common/utils.go:135.16,137.3 1 0
github.com/galxe/spotted-network/pkg/common/utils.go:140.2,141.16 2 0
github.com/galxe/spotted-network/pkg/common/utils.go:141.16,143.3 1 0
github.com/galxe/spotted-network/pkg/common/utils.go:146.2,147.17 2 0
github.com/galxe/spotted-network/pkg/common/utils.go:148.9,149.26 1 0
github.com/galxe/spotted-network/pkg/common/utils.go:150.11,151.25 1 0
github.com/galxe/spotted-network/pkg/common/utils.go:152.10,153.25 1 0
github.com/galxe/spotted-network/pkg/common/utils.go:154.10,155.26 1 0
github.com/galxe/spotted-network/pkg/common/utils.go:158.2,162.31 3 0
github.com/galxe/spotted-network/pkg/common/utils.go:162.31,167.25 3 0
github.com/galxe/spotted-network/pkg/common/utils.go:167.25,168.9 1 0
github.com/galxe/spotted-network/pkg/common/utils.go:172.3,172.44 1 0
github.com/galxe/spotted-network/pkg/common/utils.go:172.44,174.9 2 0
github.com/galxe/spotted-network/pkg/common/utils.go:177.3,181.17 3 0
github.com/galxe/spotted-network/pkg/common/utils.go:181.17,183.4 1 0
github.com/galxe/spotted-network/pkg/common/utils.go:188.2,188.31 1 0
github.com/galxe/spotted-network/pkg/common/utils.go:188.31,190.43 2 0
github.com/galxe/spotted-network/pkg/common/utils.go:190.43,191.9 1 0
github.com/galxe/spotted-network/pkg/common/utils.go:194.3,195.17 2 0
github.com/galxe/spotted-network/pkg/common/utils.go:195.17,196.9 1 0
github.com/galxe/spotted-network/pkg/common/utils.go:200.3,200.35 1 0
github.com/galxe/spotted-network/pkg/common/utils.go:200.35,202.59 1 0
github.com/galxe/spotted-network/pkg/common/utils.go:202.59,204.5 1 0
github.com/galxe/spotted-network/pkg/common/utils.go:205.4,205.31 1 0
github.com/galxe/spotted-network/pkg/common/utils.go:208.3,209.32 2 0
github.com/galxe/spotted-network/pkg/common/utils.go:213.2,213.31 1 0
github.com/galxe/spotted-network/pkg/common/utils.go:213.31,214.23 1 0
github.com/galxe/spotted-network/pkg/common/utils.go:214.23,215.9 1 0
github.com/galxe/spotted-network/pkg/common/utils.go:218.3,220.17 3 0
github.com/galxe/spotted-network/pkg/common/utils.go:220.17,221.9 1 0
github.com/galxe/spotted-network/pkg/common/utils.go:225.3,225.35 1 0
github.com/galxe/spotted-network/pkg/common/utils.go:225.35,227.59 1 0
github.com/galxe/spotted-network/pkg/common/utils.go:227.59,229.5 1 0
github.com/galxe/spotted-network/pkg/common/utils.go:230.4,230.27 1 0
github.com/galxe/spotted-network/pkg/common/utils.go:233.3,234.32 2 0
github.com/galxe/spotted-network/pkg/common/utils.go:237.2,237.25 1 0
github.com/galxe/spotted-network/pkg/common/utils.go:242.159,244.90 1 0
github.com/galxe/spotted-network/pkg/common/utils.go:244.90,246.3 1 0
github.com/galxe/spotted-network/pkg/common/utils.go:248.2,252.24 4 0
github.com/galxe/spotted-network/pkg/common/utils.go:252.24,256.17 3 0
github.com/galxe/spotted-network/pkg/common/utils.go:256.17,258.4 1 0
github.com/galxe/spotted-network/pkg/common/utils.go:259.8,263.17 3 0
github.com/galxe/spotted-network/pkg/common/utils.go:263.17,265.4 1 0
github.com/galxe/spotted-network/pkg/common/utils.go:268.2,268.48 1 0
github.com/galxe/spotted-network/pkg/common/utils.go:271.54,273.2 1 0
github.com/galxe/spotted-network/pkg/common/utils.go:276.68,280.54 3 0
github.com/galxe/spotted-network/pkg/common/utils.go:280.54,282.6 1 0
github.com/galxe/spotted-network/pkg/common/utils.go:283.5,283.15 1 0
github.com/galxe/spotted-network/pkg/common/utils.go:287.62,289.61 2 0
github.com/galxe/spotted-network/pkg/common/utils.go:289.61,291.6 1 0
github.com/galxe/spotted-network/pkg/common/utils.go:293.5,294.23 2 0
github.com/galxe/spotted-network/pkg/common/utils.go:298.72,299.72 1 0
github.com/galxe/spotted-network/pkg/common/utils.go:299.72,301.6 1 0
github.com/galxe/spotted-network/pkg/common/utils.go:303.5,303.49 1 0
github.com/galxe/spotted-network/pkg/common/utils.go:303.49,305.6 1 0
github.com/galxe/spotted-network/pkg/common/utils.go:307.5,307.15 1 0
github.com/galxe/spotted-network/pkg/common/utils.go:310.69,312.34 2 0
github.com/galxe/spotted-network/pkg/common/utils.go:312.34,314.3 1 0
github.com/galxe/spotted-network/pkg/common/utils.go:315.2,315.13 1 0
github.com/galxe/spotted-network/pkg/common/utils.go:318.73,321.32 2 0
github.com/galxe/spotted-network/pkg/common/utils.go:321.32,323.23 2 0
github.com/galxe/spotted-network/pkg/common/utils.go:323.23,325.10 1 0
github.com/galxe/spotted-network/pkg/common/utils.go:326.9,326.47 1 0
github.com/galxe/spotted-network/pkg/common/utils.go:329.5,329.27 1 0
github.com/galxe/spotted-network/pkg/common/utils.go:334.92,337.16 3 0
github.com/galxe/spotted-network/pkg/common/utils.go:337.16,339.3 1 0
github.com/galxe/spotted-network/pkg/common/utils.go:340.2,342.36 2 0
github.com/galxe/spotted-network/pkg/common/utils.go:346.73,348.16 2 0
github.com/galxe/spotted-network/pkg/common/utils.go:348.16,350.3 1 0
github.com/galxe/spotted-network/pkg/common/utils.go:352.2,353.31 2 0
github.com/galxe/spotted-network/pkg/common/contracts/bindings/ecdsa_stake_registry.go:119.111,121.16 2 0
github.com/galxe/spotted-network/pkg/common/contracts/bindings/ecdsa_stake_registry.go:121.16,123.3 1 0
github.com/galxe/spotted-network/pkg/common/contracts/bindings/ecdsa_stake_registry.go:124.2,124.261 1 0
github.com/galxe/spotted-network/pkg/common/contracts/bindings/ecdsa_stake_registry.go:128.121,130.16 2 0
github.com/galxe/spotted-network/pkg/common/contracts/bindings/ecdsa_stake_registry.go:130.16,132.3 1 0
github.com/galxe/spotted-network/pkg/common/contracts/bindings/ecdsa_stake_registry.go:133.2,133.59 1 0
github.com/galxe/spotted-network/pkg/common/contracts/bindings/ecdsa_stake_registry.go:137.137,139.16 2 0
github.com/galxe/spotted-network/pkg/common/contracts/bindings/ecdsa_stake_registry.go:139.16,141.3 1 0
github.com/galxe/spotted-network/pkg/common/contracts/bindings/ecdsa_stake_registry.go:142.2,142.63 1 0
github.com/galxe/spotted-network/pkg/common/contracts/bindings/ecdsa_stake_registry.go:146.129,148.16 2 0
github.com/galxe/spotted-network/pkg/common/contracts/bindings/ecdsa_stake_registry.go:148.16,150.3 1 0
github.com/galxe/spotted-network/pkg/common/contracts/bindings/ecdsa_stake_registry.go:151.2,151.61 1 0
github.com/galxe/spotted-network/pkg/common/contracts/bindings/ecdsa_stake_registry.go:155.178,157.16 2 0
github.com/galxe/spotted-network/pkg/common/contracts/bindings/ecdsa_stake_registry.go:157.16,159.3 1 0
github.com/galxe/spotted-network/pkg/common/contracts/bindings/ecdsa_stake_registry.go:160.2,160.83 1 0
github.com/galxe/spotted-network/pkg/common/contracts/bindings/ecdsa_stake_registry.go:167.144,169.2 1 0
github.com/galxe/spotted-network/pkg/common/contracts/bindings/ecdsa_stake_registry.go:173.113,175.2 1 0
github.com/galxe/spotted-network/pkg/common/contracts/bindings/ecdsa_stake_registry.go:178.151,180.2 1 0
github.com/galxe/spotted-network/pkg/common/contracts/bindings/ecdsa_stake_registry.go:186.150,188.2 1 0
github.com/galxe/spotted-network/pkg/common/contracts/bindings/ecdsa_stake_registry.go:192.123,194.2 1 0
github.com/galxe/spotted-network/pkg/common/contracts/bindings/ecdsa_stake_registry.go:197.161,199.2 1 0
github.com/galxe/spotted-network/pkg/common/contracts/bindings/ecdsa_stake_registry.go:204.151,208.16 3 0
github.com/galxe/spotted-network/pkg/common/contracts/bindings/ecdsa_stake_registry.go:208.16,210.3 1 0
github.com/galxe/spotted-network/pkg/common/contracts/bindings/ecdsa_stake_registry.go:212.2,214.18 2 0
github.com/galxe/spotted-network/pkg/common/contracts/bindings/ecdsa_stake_registry.go:221.131,223.2 1 0
github.com/galxe/spotted-network/pkg/common/contracts/bindings/ecdsa_stake_registry.go:228.137,230.2 1 0
github.com/galxe/spotted-network/pkg/common/contracts/bindings/ecdsa_stake_registry.go:235.126,239.16 3 0
github.com/galxe/spotted-network/pkg/common/contracts/bindings/ecdsa_stake_registry.go:239.16,241.3 1 0
github.com/galxe/spotted-network/pkg/common/contracts/bindings/ecdsa_stake_registry.go:243.2,245.18 2 0
github.com/galxe/spotted-network/pkg/common/contracts/bindings/ecdsa_stake_registry.go:252.108,254.2 1 0
github.com/galxe/spotted-network/pkg/common/contracts/bindings/ecdsa_stake_registry.go:259.114,261.2 1 0
github.com/galxe/spotted-network/pkg/common/contracts/bindings/ecdsa_stake_registry.go:266.154,270.16 3 0
github.com/galxe/spotted-network/pkg/common/contracts/bindings/ecdsa_stake_registry.go:270.16,272.3 1 0
github.com/galxe/spotted-network/pkg/common/contracts/bindings/ecdsa_stake_registry.go:274.2,276.18 2 0
github.com/galxe/spotted-network/pkg/common/contracts/bindings/ecdsa_stake_registry.go:283.134,285.2 1 0
github.com/galxe/spotted-network/pkg/common/contracts/bindings/ecdsa_stake_registry.go:290.140,292.2 1 0
github.com/galxe/spotted-network/pkg/common/contracts/bindings/ecdsa_stake_registry.go:297.122,301.16 3 0
github.com/galxe/spotted-network/pkg/common/contracts/bindings/ecdsa_stake_registry.go:301.16,303.3 1 0
github.com/galxe/spotted-network/pkg/common/contracts/bindings/ecdsa_stake_registry.go:305.2,307.18 2 0
github.com/galxe/spotted-network/pkg/common/contracts/bindings/ecdsa_stake_registry.go:314.104,316.2 1 0
github.com/galxe/spotted-network/pkg/common/contracts/bindings/ecdsa_stake_registry.go:321.110,323.2 1 0
github.com/galxe/spotted-network/pkg/common/contracts/bindings/ecdsa_stake_registry.go:328.154,332.16 3 0
github.com/galxe/spotted-network/pkg/common/contracts/bindings/ecdsa_stake_registry.go:332.16,334.3 1 0
github.com/galxe/spotted-network/pkg/common/contracts/bindings/ecdsa_stake_registry.go:336.2,338.18 2 0
github.com/galxe/spotted-network/pkg/common/contracts/bindings/ecdsa_stake_registry.go:345.134,347.2 1 0
github.com/galxe/spotted-network/pkg/common/contracts/bindings/ecdsa_stake_registry.go:352.140,354.2 1 0
github.com/galxe/spotted-network/pkg/common/contracts/bindings/ecdsa_stake_registry.go:359.175,363.16 3 0
github.com/galxe/spotted-network/pkg/common/contracts/bindings/ecdsa_stake_registry.go:363.16,365.3 1 0
github.com/galxe/spotted-network/pkg/common/contracts/bindings/ecdsa_stake_registry.go:367.2,369.18 2 0
github.com/galxe/spotted-network/pkg/common/contracts/bindings/ecdsa_stake_registry.go:376.155,378.2 1 0
github.com/galxe/spotted-network/pkg/common/contracts/bindings/ecdsa_stake_registry.go:383.161,385.2 1 0
github.com/galxe/spotted-network/pkg/common/contracts/bindings/ecdsa_stake_registry.go:390.137,394.16 3 0
github.com/galxe/spotted-network/pkg/common/contracts/bindings/ecdsa_stake_registry.go:394.16,396.3 1 0
github.com/galxe/spotted-network/pkg/common/contracts/bindings/ecdsa_stake_registry.go:398.2,400.18 2 0
github.com/galxe/spotted-network/pkg/common/contracts/bindings/ecdsa_stake_registry.go:407.117,409.2 1 0
github.com/galxe/spotted-network/pkg/common/contracts/bindings/ecdsa_stake_registry.go:414.123,416.2 1 0
github.com/galxe/spotted-network/pkg/common/contracts/bindings/ecdsa_stake_registry.go:421.165,425.16 3 0
github.com/galxe/spotted-network/pkg/common/contracts/bindings/ecdsa_stake_registry.go:425.16,427.3 1 0
github.com/galxe/spotted-network/pkg/common/contracts/bindings/ecdsa_stake_registry.go:429.2,431.18 2 0
github.com/galxe/spotted-network/pkg/common/contracts/bindings/ecdsa_stake_registry.go:438.145,440.2 1 0
github.com/galxe/spotted-network/pkg/common/contracts/bindings/ecdsa_stake_registry.go:445.151,447.2 1 0
github.com/galxe/spotted-network/pkg/common/contracts/bindings/ecdsa_stake_registry.go:452.140,456.16 3 0
github.com/galxe/spotted-network/pkg/common/contracts/bindings/ecdsa_stake_registry.go:456.16,458.3 1 0
github.com/galxe/spotted-network/pkg/common/contracts/bindings/ecdsa_stake_registry.go:460.2,462.18 2 0
github.com/galxe/spotted-network/pkg/common/contracts/bindings/ecdsa_stake_registry.go:469.120,471.2 1 0
github.com/galxe/spotted-network/pkg/common/contracts/bindings/ecdsa_stake_registry.go:476.126,478.2 1 0
github.com/galxe/spotted-network/pkg/common/contracts/bindings/ecdsa_stake_registry.go:483.136,487.16 3 0
github.com/galxe/spotted-network/pkg/common/contracts/bindings/ecdsa_stake_registry.go:487.16,489.3 1 0
github.com/galxe/spotted-network/pkg/common/contracts/bindings/ecdsa_stake_registry.go:491.2,493.18 2 0
github.com/galxe/spotted-network/pkg/common/contracts/bindings/ecdsa_stake_registry.go:500.116,502.2 1 0
github.com/galxe/spotted-network/pkg/common/contracts/bindings/ecdsa_stake_registry.go:507.122,509.2 1 0
github.com/galxe/spotted-network/pkg/common/contracts/bindings/ecdsa_stake_registry.go:514.152,518.16 3 0
github.com/galxe/spotted-network/pkg/common/contracts/bindings/ecdsa_stake_registry.go:518.16,520.3 1 0
github.com/galxe/spotted-network/pkg/common/contracts/bindings/ecdsa_stake_registry.go:522.2,524.18 2 0
github.com/galxe/spotted-network/pkg/common/contracts/bindings/ecdsa_stake_registry.go:531.132,533.2 1 0
github.com/galxe/spotted-network/pkg/common/contracts/bindings/ecdsa_stake_registry.go:538.138,540.2 1 0
github.com/galxe/spotted-network/pkg/common/contracts/bindings/ecdsa_stake_registry.go:545.107,549.16 3 0
github.com/galxe/spotted-network/pkg/common/contracts/bindings/ecdsa_stake_registry.go:549.16,551.3 1 0
github.com/galxe/spotted-network/pkg/common/contracts/bindings/ecdsa_stake_registry.go:553.2,555.18 2 0
github.com/galxe/spotted-network/pkg/common/contracts/bindings/ecdsa_stake_registry.go:562.89,564.2 1 0
github.com/galxe/spotted-network/pkg/common/contracts/bindings/ecdsa_stake_registry.go:569.95,571.2 1 0
github.com/galxe/spotted-network/pkg/common/contracts/bindings/ecdsa_stake_registry.go:576.134,580.16 3 0
github.com/galxe/spotted-network/pkg/common/contracts/bindings/ecdsa_stake_registry.go:580.16,582.3 1 0
github.com/galxe/spotted-network/pkg/common/contracts/bindings/ecdsa_stake_registry.go:584.2,586.18 2 0
github.com/galxe/spotted-network/pkg/common/contracts/bindings/ecdsa_stake_registry.go:593.114,595.2 1 0
github.com/galxe/spotted-network/pkg/common/contracts/bindings/ecdsa_stake_registry.go:600.120,602.2 1 0
github.com/galxe/spotted-network/pkg/common/contracts/bindings/ecdsa_stake_registry.go:607.105,611.16 3 0
github.com/galxe/spotted-network/pkg/common/contracts/bindings/ecdsa_stake_registry.go:611.16,613.3 1 0
github.com/galxe/spotted-network/pkg/common/contracts/bindings/ecdsa_stake_registry.go:615.2,617.18 2 0
github.com/galxe/spotted-network/pkg/common/contracts/bindings/ecdsa_stake_registry.go:624.87,626.2 1 0
github.com/galxe/spotted-network/pkg/common/contracts/bindings/ecdsa_stake_registry.go:631.93,633.2 1 0
github.com/galxe/spotted-network/pkg/common/contracts/bindings/ecdsa_stake_registry.go:638.98,642.16 3 0
github.com/galxe/spotted-network/pkg/common/contracts/bindings/ecdsa_stake_registry.go:642.16,644.3 1 0
github.com/galxe/spotted-network/pkg/common/contracts/bindings/ecdsa_stake_registry.go:646.2,648.18 2 0
github.com/galxe/spotted-network/pkg/common/contracts/bindings/ecdsa_stake_registry.go:655.80,657.2 1 0
github.com/galxe/spotted-network/pkg/common/contracts/bindings/ecdsa_stake_registry.go:662.86,664.2 1 0
github.com/galxe/spotted-network/pkg/common/contracts/bindings/ecdsa_stake_registry.go:669.130,671.2 1 0
github.com/galxe/spotted-network/pkg/common/contracts/bindings/ecdsa_stake_registry.go:676.104,678.2 1 0
github.com/galxe/spotted-network/pkg/common/contracts/bindings/ecdsa_stake_registry.go:683.114,685.2 1 0
github.com/galxe/spotted-network/pkg/common/contracts/bindings/ecdsa_stake_registry.go:690.165,692.2 1 0
github.com/galxe/spotted-network/pkg/common/contracts/bindings/ecdsa_stake_registry.go:697.137,699.2 1 0
github.com/galxe/spotted-network/pkg/common/contracts/bindings/ecdsa_stake_registry.go:704.147,706.2 1 0
github.com/galxe/spotted-network/pkg/common/contracts/bindings/ecdsa_stake_registry.go:711.231,713.2 1 0
github.com/galxe/spotted-network/pkg/common/contracts/bindings/ecdsa_stake_registry.go:718.203,720.2 1 0
github.com/galxe/spotted-network/pkg/common/contracts/bindings/ecdsa_stake_registry.go:725.213,727.2 1 0
github.com/galxe/spotted-network/pkg/common/contracts/bindings/ecdsa_stake_registry.go:732.129,734.2 1 0
github.com/galxe/spotted-network/pkg/common/contracts/bindings/ecdsa_stake_registry.go:739.103,741.2 1 0
github.com/galxe/spotted-network/pkg/common/contracts/bindings/ecdsa_stake_registry.go:746.113,748.2 1 0
github.com/galxe/spotted-network/pkg/common/contracts/bindings/ecdsa_stake_registry.go:753.154,755.2 1 0
github.com/galxe/spotted-network/pkg/common/contracts/bindings/ecdsa_stake_registry.go:760.126,762.2 1 0
github.com/galxe/spotted-network/pkg/common/contracts/bindings/ecdsa_stake_registry.go:767.136,769.2 1 0
github.com/galxe/spotted-network/pkg/common/contracts/bindings/ecdsa_stake_registry.go:774.188,776.2 1 0
github.com/galxe/spotted-network/pkg/common/contracts/bindings/ecdsa_stake_registry.go:781.160,783.2 1 0
github.com/galxe/spotted-network/pkg/common/contracts/bindings/ecdsa_stake_registry.go:788.170,790.2 1 0
github.com/galxe/spotted-network/pkg/common/contracts/bindings/ecdsa_stake_registry.go:795.167,797.2 1 0
github.com/galxe/spotted-network/pkg/common/contracts/bindings/ecdsa_stake_registry.go:802.139,804.2 1 0
github.com/galxe/spotted-network/pkg/common/contracts/bindings/ecdsa_stake_registry.go:809.149,811.2 1 0
github.com/galxe/spotted-network/pkg/common/contracts/bindings/ecdsa_stake_registry.go:816.156,818.2 1 0
github.com/galxe/spotted-network/pkg/common/contracts/bindings/ecdsa_stake_registry.go:823.128,825.2 1 0
github.com/galxe/spotted-network/pkg/common/contracts/bindings/ecdsa_stake_registry.go:830.138,832.2 1 0
github.com/galxe/spotted-network/pkg/common/contracts/bindings/ecdsa_stake_registry.go:837.188,839.2 1 0
github.com/galxe/spotted-network/pkg/common/contracts/bindings/ecdsa_stake_registry.go:844.160,846.2 1 0
github.com/galxe/spotted-network/pkg/common/contracts/bindings/ecdsa_stake_registry.go:851.170,853.2 1 0
github.com/galxe/spotted-network/pkg/common/contracts/bindings/ecdsa_stake_registry.go:858.175,860.2 1 0
github.com/galxe/spotted-network/pkg/common/contracts/bindings/ecdsa_stake_registry.go:865.147,867.2 1 0
github.com/galxe/spotted-network/pkg/common/contracts/bindings/ecdsa_stake_registry.go:872.157,874.2 1 0
github.com/galxe/spotted-network/pkg/common/contracts/bindings/ecdsa_stake_registry.go:879.159,881.2 1 0
github.com/galxe/spotted-network/pkg/common/contracts/bindings/ecdsa_stake_registry.go:886.131,888.2 1 0
github.com/galxe/spotted-network/pkg/common/contracts/bindings/ecdsa_stake_registry.go:893.141,895.2 1 0
github.com/galxe/spotted-network/pkg/common/contracts/bindings/ecdsa_stake_registry.go:913.62,915.20 1 0
github.com/galxe/spotted-network/pkg/common/contracts/bindings/ecdsa_stake_registry.go:915.20,917.3 1 0
github.com/galxe/spotted-network/pkg/common/contracts/bindings/ecdsa_stake_registry.go:919.2,919.13 1 0
github.com/galxe/spotted-network/pkg/common/contracts/bindings/ecdsa_stake_registry.go:919.13,920.10 1 0
github.com/galxe/spotted-network/pkg/common/contracts/bindings/ecdsa_stake_registry.go:921.25,923.73 2 0
github.com/galxe/spotted-network/pkg/common/contracts/bindings/ecdsa_stake_registry.go:923.73,926.5 2 0
github.com/galxe/spotted-network/pkg/common/contracts/bindings/ecdsa_stake_registry.go:927.4,928.15 2 0
github.com/galxe/spotted-network/pkg/common/contracts/bindings/ecdsa_stake_registry.go:930.11,931.16 1 0
github.com/galxe/spotted-network/pkg/common/contracts/bindings/ecdsa_stake_registry.go:935.2,935.9 1 0
github.com/galxe/spotted-network/pkg/common/contracts/bindings/ecdsa_stake_registry.go:936.24,938.72 2 0
github.com/galxe/spotted-network/pkg/common/contracts/bindings/ecdsa_stake_registry.go:938.72,941.4 2 0
github.com/galxe/spotted-network/pkg/common/contracts/bindings/ecdsa_stake_registry.go:942.3,943.14 2 0
github.com/galxe/spotted-network/pkg/common/contracts/bindings/ecdsa_stake_registry.go:945.29,948.19 3 0
github.com/galxe/spotted-network/pkg/common/contracts/bindings/ecdsa_stake_registry.go:953.64,955.2 1 0
github.com/galxe/spotted-network/pkg/common/contracts/bindings/ecdsa_stake_registry.go:959.64,962.2 2 0
github.com/galxe/spotted-network/pkg/common/contracts/bindings/ecdsa_stake_registry.go:973.145,976.16 2 0
github.com/galxe/spotted-network/pkg/common/contracts/bindings/ecdsa_stake_registry.go:976.16,978.3 1 0
github.com/galxe/spotted-network/pkg/common/contracts/bindings/ecdsa_stake_registry.go:979.2,979.136 1 0
github.com/galxe/spotted-network/pkg/common/contracts/bindings/ecdsa_stake_registry.go:985.167,988.16 2 0
github.com/galxe/spotted-network/pkg/common/contracts/bindings/ecdsa_stake_registry.go:988.16,990.3 1 0
github.com/galxe/spotted-network/pkg/common/contracts/bindings/ecdsa_stake_registry.go:991.2,991.64 1 0
github.com/galxe/spotted-network/pkg/common/contracts/bindings/ecdsa_stake_registry.go:991.64,993.7 2 0
github.com/galxe/spotted-network/pkg/common/contracts/bindings/ecdsa_stake_registry.go:993.7,994.11 1 0
github.com/galxe/spotted-network/pkg/common/contracts/bindings/ecdsa_stake_registry.go:995.23,998.93 2 0
github.com/galxe/spotted-network/pkg/common/contracts/bindings/ecdsa_stake_registry.go:998.93,1000.6 1 0
github.com/galxe/spotted-network/pkg/common/contracts/bindings/ecdsa_stake_registry.go:1001.5,1003.12 2 0
github.com/galxe/spotted-network/pkg/common/contracts/bindings/ecdsa_stake_registry.go:1004.24,1004.24 0 0
github.com/galxe/spotted-network/pkg/common/contracts/bindings/ecdsa_stake_registry.go:1005.29,1006.16 1 0
github.com/galxe/spotted-network/pkg/common/contracts/bindings/ecdsa_stake_registry.go:1007.17,1008.16 1 0
github.com/galxe/spotted-network/pkg/common/contracts/bindings/ecdsa_stake_registry.go:1010.28,1011.15 1 0
github.com/galxe/spotted-network/pkg/common/contracts/bindings/ecdsa_stake_registry.go:1012.16,1013.15 1 0
github.com/galxe/spotted-network/pkg/common/contracts/bindings/ecdsa_stake_registry.go:1022.128,1024.90 2 0
github.com/galxe/spotted-network/pkg/common/contracts/bindings/ecdsa_stake_registry.go:1024.90,1026.3 1 0
github.com/galxe/spotted-network/pkg/common/contracts/bindings/ecdsa_stake_registry.go:1027.2,1028.19 2 0
github.com/galxe/spotted-network/pkg/common/contracts/bindings/ecdsa_stake_registry.go:1047.71,1049.20 1 0
github.com/galxe/spotted-network/pkg/common/contracts/bindings/ecdsa_stake_registry.go:1049.20,1051.3 1 0
github.com/galxe/spotted-network/pkg/common/contracts/bindings/ecdsa_stake_registry.go:1053.2,1053.13 1 0
github.com/galxe/spotted-network/pkg/common/contracts/bindings/ecdsa_stake_registry.go:1053.13,1054.10 1 0
github.com/galxe/spotted-network/pkg/common/contracts/bindings/ecdsa_stake_registry.go:1055.25,1057.73 2 0
github.com/galxe/spotted-network/pkg/common/contracts/bindings/ecdsa_stake_registry.go:1057.73,1060.5 2 0
github.com/galxe/spotted-network/pkg/common/contracts/bindings/ecdsa_stake_registry.go:1061.4,1062.15 2 0
github.com/galxe/spotted-network/pkg/common/contracts/bindings/ecdsa_stake_registry.go:1064.11,1065.16 1 0
github.com/galxe/spotted-network/pkg/common/contracts/bindings/ecdsa_stake_registry.go:1069.2,1069.9 1 0
github.com/galxe/spotted-network/pkg/common/contracts/bindings/ecdsa_stake_registry.go:1070.24,1072.72 2 0
github.com/galxe/spotted-network/pkg/common/contracts/bindings/ecdsa_stake_registry.go:1072.72,1075.4 2 0
github.com/galxe/spotted-network/pkg/common/contracts/bindings/ecdsa_stake_registry.go:1076.3,1077.14 2 0
github.com/galxe/spotted-network/pkg/common/contracts/bindings/ecdsa_stake_registry.go:1079.29,1082.19 3 0
github.com/galxe/spotted-network/pkg/common/contracts/bindings/ecdsa_stake_registry.go:1087.73,1089.2 1 0
github.com/galxe/spotted-network/pkg/common/contracts/bindings/ecdsa_stake_registry.go:1093.73,1096.2 2 0
github.com/galxe/spotted-network/pkg/common/contracts/bindings/ecdsa_stake_registry.go:1108.163,1111.16 2 0
github.com/galxe/spotted-network/pkg/common/contracts/bindings/ecdsa_stake_registry.go:1111.16,1113.3 1 0
github.com/galxe/spotted-network/pkg/common/contracts/bindings/ecdsa_stake_registry.go:1114.2,1114.154 1 0
github.com/galxe/spotted-network/pkg/common/contracts/bindings/ecdsa_stake_registry.go:1120.185,1123.16 2 0
github.com/galxe/spotted-network/pkg/common/contracts/bindings/ecdsa_stake_registry.go:1123.16,1125.3 1 0
github.com/galxe/spotted-network/pkg/common/contracts/bindings/ecdsa_stake_registry.go:1126.2,1126.64 1 0
github.com/galxe/spotted-network/pkg/common/contracts/bindings/ecdsa_stake_registry.go:1126.64,1128.7 2 0
github.com/galxe/spotted-network/pkg/common/contracts/bindings/ecdsa_stake_registry.go:1128.7,1129.11 1 0
github.com/galxe/spotted-network/pkg/common/contracts/bindings/ecdsa_stake_registry.go:1130.23,1133.102 2 0
github.com/galxe/spotted-network/pkg/common/contracts/bindings/ecdsa_stake_registry.go:1133.102,1135.6 1 0
github.com/galxe/spotted-network/pkg/common/contracts/bindings/ecdsa_stake_registry.go:1136.5,1138.12 2 0
github.com/galxe/spotted-network/pkg/common/contracts/bindings/ecdsa_stake_registry.go:1139.24,1139.24 0 0
github.com/galxe/spotted-network/pkg/common/contracts/bindings/ecdsa_stake_registry.go:1140.29,1141.16 1 0
github.com/galxe/spotted-network/pkg/common/contracts/bindings/ecdsa_stake_registry.go:1142.17,1143.16 1 0
github.com/galxe/spotted-network/pkg/common/contracts/bindings/ecdsa_stake_registry.go:1145.28,1146.15 1 0
github.com/galxe/spotted-network/pkg/common/contracts/bindings/ecdsa_stake_registry.go:1147.16,1148.15 1 0
github.com/galxe/spotted-network/pkg/common/contracts/bindings/ecdsa_stake_registry.go:1157.146,1159.99 2 0
github.com/galxe/spotted-network/pkg/common/contracts/bindings/ecdsa_stake_registry.go:1159.99,1161.3 1 0
github.com/galxe/spotted-network/pkg/common/contracts/bindings/ecdsa_stake_registry.go:1162.2,1163.19 2 0
github.com/galxe/spotted-network/pkg/common/contracts/bindings/ecdsa_stake_registry.go:1182.71,1184.20 1 0
github.com/galxe/spotted-network/pkg/common/contracts/bindings/ecdsa_stake_registry.go:1184.20,1186.3 1 0
github.com/galxe/spotted-network/pkg/common/contracts/bindings/ecdsa_stake_registry.go:1188.2,1188.13 1 0
github.com/galxe/spotted-network/pkg/common/contracts/bindings/ecdsa_stake_registry.go:1188.13,1189.10 1 0
github.com/galxe/spotted-network/pkg/common/contracts/bindings/ecdsa_stake_registry.go:1190.25,1192.73 2 0
github.com/galxe/spotted-network/pkg/common/contracts/bindings/ecdsa_stake_registry.go:1192.73,1195.5 2 0
github.com/galxe/spotted-network/pkg/common/contracts/bindings/ecdsa_stake_registry.go:1196.4,1197.15 2 0
github.com/galxe/spotted-network/pkg/common/contracts/bindings/ecdsa_stake_registry.go:1199.11,1200.16 1 0
github.com/galxe/spotted-network/pkg/common/contracts/bindings/ecdsa_stake_registry.go:1204.2,1204.9 1 0
github.com/galxe/spotted-network/pkg/common/contracts/bindings/ecdsa_stake_registry.go:1205.24,1207.72 2 0
github.com/galxe/spotted-network/pkg/common/contracts/bindings/ecdsa_stake_registry.go:1207.72,1210.4 2 0
github.com/galxe/spotted-network/pkg/common/contracts/bindings/ecdsa_stake_registry.go:1211.3,1212.14 2 0
github.com/galxe/spotted-network/pkg/common/contracts/bindings/ecdsa_stake_registry.go:1214.29,1217.19 3 0
github.com/galxe/spotted-network/pkg/common/contracts/bindings/ecdsa_stake_registry.go:1222.73,1224.2 1 0
github.com/galxe/spotted-network/pkg/common/contracts/bindings/ecdsa_stake_registry.go:1228.73,1231.2 2 0
github.com/galxe/spotted-network/pkg/common/contracts/bindings/ecdsa_stake_registry.go:1244.238,1247.42 2 0
github.com/galxe/spotted-network/pkg/common/contracts/bindings/ecdsa_stake_registry.go:1247.42,1249.3 1 0
github.com/galxe/spotted-network/pkg/common/contracts/bindings/ecdsa_stake_registry.go:1250.2,1251.46 2 0
github.com/galxe/spotted-network/pkg/common/contracts/bindings/ecdsa_stake_registry.go:1251.46,1253.3 1 0
github.com/galxe/spotted-network/pkg/common/contracts/bindings/ecdsa_stake_registry.go:1254.2,1255.32 2 0
github.com/galxe/spotted-network/pkg/common/contracts/bindings/ecdsa_stake_registry.go:1255.32,1257.3 1 0
github.com/galxe/spotted-network/pkg/common/contracts/bindings/ecdsa_stake_registry.go:1259.2,1260.16 2 0
github.com/galxe/spotted-network/pkg/common/contracts/bindings/ecdsa_stake_registry.go:1260.16,1262.3 1 0
github.com/galxe/spotted-network/pkg/common/contracts/bindings/ecdsa_stake_registry.go:1263.2,1263.154 1 0
github.com/galxe/spotted-network/pkg/common/contracts/bindings/ecdsa_stake_registry.go:1269.260,1272.42 2 0
github.com/galxe/spotted-network/pkg/common/contracts/bindings/ecdsa_stake_registry.go:1272.42,1274.3 1 0
github.com/galxe/spotted-network/pkg/common/contracts/bindings/ecdsa_stake_registry.go:1275.2,1276.46 2 0
github.com/galxe/spotted-network/pkg/common/contracts/bindings/ecdsa_stake_registry.go:1276.46,1278.3 1 0
github.com/galxe/spotted-network/pkg/common/contracts/bindings/ecdsa_stake_registry.go:1279.2,1280.32 2 0
github.com/galxe/spotted-network/pkg/common/contracts/bindings/ecdsa_stake_registry.go:1280.32,1282.3 1 0
github.com/galxe/spotted-network/pkg/common/contracts/bindings/ecdsa_stake_registry.go:1284.2,1285.16 2 0
github.com/galxe/spotted-network/pkg/common/contracts/bindings/ecdsa_stake_registry.go:1285.16,1287.3 1 0
github.com/galxe/spotted-network/pkg/common/contracts/bindings/ecdsa_stake_registry.go:1288.2,1288.64 1 0
github.com/galxe/spotted-network/pkg/common/contracts/bindings/ecdsa_stake_registry.go:1288.64,1290.7 2 0
github.com/galxe/spotted-network/pkg/common/contracts/bindings/ecdsa_stake_registry.go:1290.7,1291.11 1 0
github.com/galxe/spotted-network/pkg/common/contracts/bindings/ecdsa_stake_registry.go:1292.23,1295.102 2 0
github.com/galxe/spotted-network/pkg/common/contracts/bindings/ecdsa_stake_registry.go:1295.102,1297.6 1 0
github.com/galxe/spotted-network/pkg/common/contracts/bindings/ecdsa_stake_registry.go:1298.5,1300.12 2 0
github.com/galxe/spotted-network/pkg/common/contracts/bindings/ecdsa_stake_registry.go:1301.24,1301.24 0 0
github.com/galxe/spotted-network/pkg/common/contracts/bindings/ecdsa_stake_registry.go:1302.29,1303.16 1 0
github.com/galxe/spotted-network/pkg/common/contracts/bindings/ecdsa_stake_registry.go:1304.17,1305.16 1 0
github.com/galxe/spotted-network/pkg/common/contracts/bindings/ecdsa_stake_registry.go:1307.28,1308.15 1 0
github.com/galxe/spotted-network/pkg/common/contracts/bindings/ecdsa_stake_registry.go:1309.16,1310.15 1 0
github.com/galxe/spotted-network/pkg/common/contracts/bindings/ecdsa_stake_registry.go:1319.146,1321.99 2 0
github.com/galxe/spotted-network/pkg/common/contracts/bindings/ecdsa_stake_registry.go:1321.99,1323.3 1 0
github.com/galxe/spotted-network/pkg/common/contracts/bindings/ecdsa_stake_registry.go:1324.2,1325.19 2 0
github.com/galxe/spotted-network/pkg/common/contracts/bindings/ecdsa_stake_registry.go:1344.69,1346.20 1 0
github.com/galxe/spotted-network/pkg/common/contracts/bindings/ecdsa_stake_registry.go:1346.20,1348.3 1 0
github.com/galxe/spotted-network/pkg/common/contracts/bindings/ecdsa_stake_registry.go:1350.2,1350.13 1 0
github.com/galxe/spotted-network/pkg/common/contracts/bindings/ecdsa_stake_registry.go:1350.13,1351.10 1 0
github.com/galxe/spotted-network/pkg/common/contracts/bindings/ecdsa_stake_registry.go:1352.25,1354.73 2 0
github.com/galxe/spotted-network/pkg/common/contracts/bindings/ecdsa_stake_registry.go:1354.73,1357.5 2 0
github.com/galxe/spotted-network/pkg/common/contracts/bindings/ecdsa_stake_registry.go:1358.4,1359.15 2 0
github.com/galxe/spotted-network/pkg/common/contracts/bindings/ecdsa_stake_registry.go:1361.11,1362.16 1 0
github.com/galxe/spotted-network/pkg/common/contracts/bindings/ecdsa_stake_registry.go:1366.2,1366.9 1 0
github.com/galxe/spotted-network/pkg/common/contracts/bindings/ecdsa_stake_registry.go:1367.24,1369.72 2 0
github.com/galxe/spotted-network/pkg/common/contracts/bindings/ecdsa_stake_registry.go:1369.72,1372.4 2 0
github.com/galxe/spotted-network/pkg/common/contracts/bindings/ecdsa_stake_registry.go:1373.3,1374.14 2 0
github.com/galxe/spotted-network/pkg/common/contracts/bindings/ecdsa_stake_registry.go:1376.29,1379.19 3 0
github.com/galxe/spotted-network/pkg/common/contracts/bindings/ecdsa_stake_registry.go:1384.71,1386.2 1 0
github.com/galxe/spotted-network/pkg/common/contracts/bindings/ecdsa_stake_registry.go:1390.71,1393.2 2 0
github.com/galxe/spotted-network/pkg/common/contracts/bindings/ecdsa_stake_registry.go:1408.241,1411.42 2 0
github.com/galxe/spotted-network/pkg/common/contracts/bindings/ecdsa_stake_registry.go:1411.42,1413.3 1 0
github.com/galxe/spotted-network/pkg/common/contracts/bindings/ecdsa_stake_registry.go:1414.2,1415.46 2 0
github.com/galxe/spotted-network/pkg/common/contracts/bindings/ecdsa_stake_registry.go:1415.46,1417.3 1 0
github.com/galxe/spotted-network/pkg/common/contracts/bindings/ecdsa_stake_registry.go:1418.2,1419.46 2 0
github.com/galxe/spotted-network/pkg/common/contracts/bindings/ecdsa_stake_registry.go:1419.46,1421.3 1 0
github.com/galxe/spotted-network/pkg/common/contracts/bindings/ecdsa_stake_registry.go:1423.2,1424.16 2 0
github.com/galxe/spotted-network/pkg/common/contracts/bindings/ecdsa_stake_registry.go:1424.16,1426.3 1 0
github.com/galxe/spotted-network/pkg/common/contracts/bindings/ecdsa_stake_registry.go:1427.2,1427.150 1 0
github.com/galxe/spotted-network/pkg/common/contracts/bindings/ecdsa_stake_registry.go:1433.263,1436.42 2 0
github.com/galxe/spotted-network/pkg/common/contracts/bindings/ecdsa_stake_registry.go:1436.42,1438.3 1 0
github.com/galxe/spotted-network/pkg/common/contracts/bindings/ecdsa_stake_registry.go:1439.2,1440.46 2 0
github.com/galxe/spotted-network/pkg/common/contracts/bindings/ecdsa_stake_registry.go:1440.46,1442.3 1 0
github.com/galxe/spotted-network/pkg/common/contracts/bindings/ecdsa_stake_registry.go:1443.2,1444.46 2 0
github.com/galxe/spotted-network/pkg/common/contracts/bindings/ecdsa_stake_registry.go:1444.46,1446.3 1 0
github.com/galxe/spotted-network/pkg/common/contracts/bindings/ecdsa_stake_registry.go:1448.2,1449.16 2 0
github.com/galxe/spotted-network/pkg/common/contracts/bindings/ecdsa_stake_registry.go:1449.16,1451.3 1 0
github.com/galxe/spotted-network/pkg/common/contracts/bindings/ecdsa_stake_registry.go:1452.2,1452.64 1 0
github.com/galxe/spotted-network/pkg/common/contracts/bindings/ecdsa_stake_registry.go:1452.64,1454.7 2 0
github.com/galxe/spotted-network/pkg/common/contracts/bindings/ecdsa_stake_registry.go:1454.7,1455.11 1 0
github.com/galxe/spotted-network/pkg/common/contracts/bindings/ecdsa_stake_registry.go:1456.23,1459.100 2 0
github.com/galxe/spotted-network/pkg/common/contracts/bindings/ecdsa_stake_registry.go:1459.100,1461.6 1 0
github.com/galxe/spotted-network/pkg/common/contracts/bindings/ecdsa_stake_registry.go:1462.5,1464.12 2 0
github.com/galxe/spotted-network/pkg/common/contracts/bindings/ecdsa_stake_registry.go:1465.24,1465.24 0 0
github.com/galxe/spotted-network/pkg/common/contracts/bindings/ecdsa_stake_registry.go:1466.29,1467.16 1 0
github.com/galxe/spotted-network/pkg/common/contracts/bindings/ecdsa_stake_registry.go:1468.17,1469.16 1 0
github.com/galxe/spotted-network/pkg/common/contracts/bindings/ecdsa_stake_registry.go:1471.28,1472.15 1 0
github.com/galxe/spotted-network/pkg/common/contracts/bindings/ecdsa_stake_registry.go:1473.16,1474.15 1 0
github.com/galxe/spotted-network/pkg/common/contracts/bindings/ecdsa_stake_registry.go:1483.142,1485.97 2 0
github.com/galxe/spotted-network/pkg/common/contracts/bindings/ecdsa_stake_registry.go:1485.97,1487.3 1 0
github.com/galxe/spotted-network/pkg/common/contracts/bindings/ecdsa_stake_registry.go:1488.2,1489.19 2 0
github.com/galxe/spotted-network/pkg/common/contracts/bindings/ecdsa_stake_registry.go:1508.72,1510.20 1 0
github.com/galxe/spotted-network/pkg/common/contracts/bindings/ecdsa_stake_registry.go:1510.20,1512.3 1 0
github.com/galxe/spotted-network/pkg/common/contracts/bindings/ecdsa_stake_registry.go:1514.2,1514.13 1 0
github.com/galxe/spotted-network/pkg/common/contracts/bindings/ecdsa_stake_registry.go:1514.13,1515.10 1 0
github.com/galxe/spotted-network/pkg/common/contracts/bindings/ecdsa_stake_registry.go:1516.25,1518.73 2 0
github.com/galxe/spotted-network/pkg/common/contracts/bindings/ecdsa_stake_registry.go:1518.73,1521.5 2 0
github.com/galxe/spotted-network/pkg/common/contracts/bindings/ecdsa_stake_registry.go:1522.4,1523.15 2 0
github.com/galxe/spotted-network/pkg/common/contracts/bindings/ecdsa_stake_registry.go:1525.11,1526.16 1 0
github.com/galxe/spotted-network/pkg/common/contracts/bindings/ecdsa_stake_registry.go:1530.2,1530.9 1 0
github.com/galxe/spotted-network/pkg/common/contracts/bindings/ecdsa_stake_registry.go:1531.24,1533.72 2 0
github.com/galxe/spotted-network/pkg/common/contracts/bindings/ecdsa_stake_registry.go:1533.72,1536.4 2 0
github.com/galxe/spotted-network/pkg/common/contracts/bindings/ecdsa_stake_registry.go:1537.3,1538.14 2 0
github.com/galxe/spotted-network/pkg/common/contracts/bindings/ecdsa_stake_registry.go:1540.29,1543.19 3 0
github.com/galxe/spotted-network/pkg/common/contracts/bindings/ecdsa_stake_registry.go:1548.74,1550.2 1 0
github.com/galxe/spotted-network/pkg/common/contracts/bindings/ecdsa_stake_registry.go:1554.74,1557.2 2 0
github.com/galxe/spotted-network/pkg/common/contracts/bindings/ecdsa_stake_registry.go:1570.193,1573.42 2 0
github.com/galxe/spotted-network/pkg/common/contracts/bindings/ecdsa_stake_registry.go:1573.42,1575.3 1 0
github.com/galxe/spotted-network/pkg/common/contracts/bindings/ecdsa_stake_registry.go:1577.2,1578.16 2 0
github.com/galxe/spotted-network/pkg/common/contracts/bindings/ecdsa_stake_registry.go:1578.16,1580.3 1 0
github.com/galxe/spotted-network/pkg/common/contracts/bindings/ecdsa_stake_registry.go:1581.2,1581.156 1 0
github.com/galxe/spotted-network/pkg/common/contracts/bindings/ecdsa_stake_registry.go:1587.215,1590.42 2 0
github.com/galxe/spotted-network/pkg/common/contracts/bindings/ecdsa_stake_registry.go:1590.42,1592.3 1 0
github.com/galxe/spotted-network/pkg/common/contracts/bindings/ecdsa_stake_registry.go:1594.2,1595.16 2 0
github.com/galxe/spotted-network/pkg/common/contracts/bindings/ecdsa_stake_registry.go:1595.16,1597.3 1 0
github.com/galxe/spotted-network/pkg/common/contracts/bindings/ecdsa_stake_registry.go:1598.2,1598.64 1 0
github.com/galxe/spotted-network/pkg/common/contracts/bindings/ecdsa_stake_registry.go:1598.64,1600.7 2 0
github.com/galxe/spotted-network/pkg/common/contracts/bindings/ecdsa_stake_registry.go:1600.7,1601.11 1 0
github.com/galxe/spotted-network/pkg/common/contracts/bindings/ecdsa_stake_registry.go:1602.23,1605.103 2 0
github.com/galxe/spotted-network/pkg/common/contracts/bindings/ecdsa_stake_registry.go:1605.103,1607.6 1 0
github.com/galxe/spotted-network/pkg/common/contracts/bindings/ecdsa_stake_registry.go:1608.5,1610.12 2 0
github.com/galxe/spotted-network/pkg/common/contracts/bindings/ecdsa_stake_registry.go:1611.24,1611.24 0 0
github.com/galxe/spotted-network/pkg/common/contracts/bindings/ecdsa_stake_registry.go:1612.29,1613.16 1 0
github.com/galxe/spotted-network/pkg/common/contracts/bindings/ecdsa_stake_registry.go:1614.17,1615.16 1 0
github.com/galxe/spotted-network/pkg/common/contracts/bindings/ecdsa_stake_registry.go:1617.28,1618.15 1 0
github.com/galxe/spotted-network/pkg/common/contracts/bindings/ecdsa_stake_registry.go:1619.16,1620.15 1 0
github.com/galxe/spotted-network/pkg/common/contracts/bindings/ecdsa_stake_registry.go:1629.148,1631.100 2 0
github.com/galxe/spotted-network/pkg/common/contracts/bindings/ecdsa_stake_registry.go:1631.100,1633.3 1 0
github.com/galxe/spotted-network/pkg/common/contracts/bindings/ecdsa_stake_registry.go:1634.2,1635.19 2 0
github.com/galxe/spotted-network/pkg/common/contracts/bindings/ecdsa_stake_registry.go:1654.71,1656.20 1 0
github.com/galxe/spotted-network/pkg/common/contracts/bindings/ecdsa_stake_registry.go:1656.20,1658.3 1 0
github.com/galxe/spotted-network/pkg/common/contracts/bindings/ecdsa_stake_registry.go:1660.2,1660.13 1 0
github.com/galxe/spotted-network/pkg/common/contracts/bindings/ecdsa_stake_registry.go:1660.13,1661.10 1 0
github.com/galxe/spotted-network/pkg/common/contracts/bindings/ecdsa_stake_registry.go:1662.25,1664.73 2 0
github.com/galxe/spotted-network/pkg/common/contracts/bindings/ecdsa_stake_registry.go:1664.73,1667.5 2 0
github.com/galxe/spotted-network/pkg/common/contracts/bindings/ecdsa_stake_registry.go:1668.4,1669.15 2 0
github.com/galxe/spotted-network/pkg/common/contracts/bindings/ecdsa_stake_registry.go:1671.11,1672.16 1 0
github.com/galxe/spotted-network/pkg/common/contracts/bindings/ecdsa_stake_registry.go:1676.2,1676.9 1 0
github.com/galxe/spotted-network/pkg/common/contracts/bindings/ecdsa_stake_registry.go:1677.24,1679.72 2 0
github.com/galxe/spotted-network/pkg/common/contracts/bindings/ecdsa_stake_registry.go:1679.72,1682.4 2 0
github.com/galxe/spotted-network/pkg/common/contracts/bindings/ecdsa_stake_registry.go:1683.3,1684.14 2 0
github.com/galxe/spotted-network/pkg/common/contracts/bindings/ecdsa_stake_registry.go:1686.29,1689.19 3 0
github.com/galxe/spotted-network/pkg/common/contracts/bindings/ecdsa_stake_registry.go:1694.73,1696.2 1 0
github.com/galxe/spotted-network/pkg/common/contracts/bindings/ecdsa_stake_registry.go:1700.73,1703.2 2 0
github.com/galxe/spotted-network/pkg/common/contracts/bindings/ecdsa_stake_registry.go:1715.222,1718.50 2 0
github.com/galxe/spotted-network/pkg/common/contracts/bindings/ecdsa_stake_registry.go:1718.50,1720.3 1 0
github.com/galxe/spotted-network/pkg/common/contracts/bindings/ecdsa_stake_registry.go:1721.2,1722.40 2 0
github.com/galxe/spotted-network/pkg/common/contracts/bindings/ecdsa_stake_registry.go:1722.40,1724.3 1 0
github.com/galxe/spotted-network/pkg/common/contracts/bindings/ecdsa_stake_registry.go:1726.2,1727.16 2 0
github.com/galxe/spotted-network/pkg/common/contracts/bindings/ecdsa_stake_registry.go:1727.16,1729.3 1 0
github.com/galxe/spotted-network/pkg/common/contracts/bindings/ecdsa_stake_registry.go:1730.2,1730.154 1 0
github.com/galxe/spotted-network/pkg/common/contracts/bindings/ecdsa_stake_registry.go:1736.244,1739.50 2 0
github.com/galxe/spotted-network/pkg/common/contracts/bindings/ecdsa_stake_registry.go:1739.50,1741.3 1 0
github.com/galxe/spotted-network/pkg/common/contracts/bindings/ecdsa_stake_registry.go:1742.2,1743.40 2 0
github.com/galxe/spotted-network/pkg/common/contracts/bindings/ecdsa_stake_registry.go:1743.40,1745.3 1 0
github.com/galxe/spotted-network/pkg/common/contracts/bindings/ecdsa_stake_registry.go:1747.2,1748.16 2 0
github.com/galxe/spotted-network/pkg/common/contracts/bindings/ecdsa_stake_registry.go:1748.16,1750.3 1 0
github.com/galxe/spotted-network/pkg/common/contracts/bindings/ecdsa_stake_registry.go:1751.2,1751.64 1 0
github.com/galxe/spotted-network/pkg/common/contracts/bindings/ecdsa_stake_registry.go:1751.64,1753.7 2 0
github.com/galxe/spotted-network/pkg/common/contracts/bindings/ecdsa_stake_registry.go:1753.7,1754.11 1 0
github.com/galxe/spotted-network/pkg/common/contracts/bindings/ecdsa_stake_registry.go:1755.23,1758.102 2 0
github.com/galxe/spotted-network/pkg/common/contracts/bindings/ecdsa_stake_registry.go:1758.102,1760.6 1 0
github.com/galxe/spotted-network/pkg/common/contracts/bindings/ecdsa_stake_registry.go:1761.5,1763.12 2 0
github.com/galxe/spotted-network/pkg/common/contracts/bindings/ecdsa_stake_registry.go:1764.24,1764.24 0 0
github.com/galxe/spotted-network/pkg/common/contracts/bindings/ecdsa_stake_registry.go:1765.29,1766.16 1 0
github.com/galxe/spotted-network/pkg/common/contracts/bindings/ecdsa_stake_registry.go:1767.17,1768.16 1 0
github.com/galxe/spotted-network/pkg/common/contracts/bindings/ecdsa_stake_registry.go:1770.28,1771.15 1 0
github.com/galxe/spotted-network/pkg/common/contracts/bindings/ecdsa_stake_registry.go:1772.16,1773.15 1 0
github.com/galxe/spotted-network/pkg/common/contracts/bindings/ecdsa_stake_registry.go:1782.146,1784.99 2 0
github.com/galxe/spotted-network/pkg/common/contracts/bindings/ecdsa_stake_registry.go:1784.99,1786.3 1 0
github.com/galxe/spotted-network/pkg/common/contracts/bindings/ecdsa_stake_registry.go:1787.2,1788.19 2 0
github.com/galxe/spotted-network/pkg/common/contracts/bindings/ecdsa_stake_registry.go:1807.64,1809.20 1 0
github.com/galxe/spotted-network/pkg/common/contracts/bindings/ecdsa_stake_registry.go:1809.20,1811.3 1 0
github.com/galxe/spotted-network/pkg/common/contracts/bindings/ecdsa_stake_registry.go:1813.2,1813.13 1 0
github.com/galxe/spotted-network/pkg/common/contracts/bindings/ecdsa_stake_registry.go:1813.13,1814.10 1 0
github.com/galxe/spotted-network/pkg/common/contracts/bindings/ecdsa_stake_registry.go:1815.25,1817.73 2 0
github.com/galxe/spotted-network/pkg/common/contracts/bindings/ecdsa_stake_registry.go:1817.73,1820.5 2 0
github.com/galxe/spotted-network/pkg/common/contracts/bindings/ecdsa_stake_registry.go:1821.4,1822.15 2 0
github.com/galxe/spotted-network/pkg/common/contracts/bindings/ecdsa_stake_registry.go:1824.11,1825.16 1 0
github.com/galxe/spotted-network/pkg/common/contracts/bindings/ecdsa_stake_registry.go:1829.2,1829.9 1 0
github.com/galxe/spotted-network/pkg/common/contracts/bindings/ecdsa_stake_registry.go:1830.24,1832.72 2 0
github.com/galxe/spotted-network/pkg/common/contracts/bindings/ecdsa_stake_registry.go:1832.72,1835.4 2 0
github.com/galxe/spotted-network/pkg/common/contracts/bindings/ecdsa_stake_registry.go:1836.3,1837.14 2 0
github.com/galxe/spotted-network/pkg/common/contracts/bindings/ecdsa_stake_registry.go:1839.29,1842.19 3 0
github.com/galxe/spotted-network/pkg/common/contracts/bindings/ecdsa_stake_registry.go:1847.66,1849.2 1 0
github.com/galxe/spotted-network/pkg/common/contracts/bindings/ecdsa_stake_registry.go:1853.66,1856.2 2 0
github.com/galxe/spotted-network/pkg/common/contracts/bindings/ecdsa_stake_registry.go:1868.149,1871.16 2 0
github.com/galxe/spotted-network/pkg/common/contracts/bindings/ecdsa_stake_registry.go:1871.16,1873.3 1 0
github.com/galxe/spotted-network/pkg/common/contracts/bindings/ecdsa_stake_registry.go:1874.2,1874.140 1 0
github.com/galxe/spotted-network/pkg/common/contracts/bindings/ecdsa_stake_registry.go:1880.171,1883.16 2 0
github.com/galxe/spotted-network/pkg/common/contracts/bindings/ecdsa_stake_registry.go:1883.16,1885.3 1 0
github.com/galxe/spotted-network/pkg/common/contracts/bindings/ecdsa_stake_registry.go:1886.2,1886.64 1 0
github.com/galxe/spotted-network/pkg/common/contracts/bindings/ecdsa_stake_registry.go:1886.64,1888.7 2 0
github.com/galxe/spotted-network/pkg/common/contracts/bindings/ecdsa_stake_registry.go:1888.7,1889.11 1 0
github.com/galxe/spotted-network/pkg/common/contracts/bindings/ecdsa_stake_registry.go:1890.23,1893.95 2 0
github.com/galxe/spotted-network/pkg/common/contracts/bindings/ecdsa_stake_registry.go:1893.95,1895.6 1 0
github.com/galxe/spotted-network/pkg/common/contracts/bindings/ecdsa_stake_registry.go:1896.5,1898.12 2 0
github.com/galxe/spotted-network/pkg/common/contracts/bindings/ecdsa_stake_registry.go:1899.24,1899.24 0 0
github.com/galxe/spotted-network/pkg/common/contracts/bindings/ecdsa_stake_registry.go:1900.29,1901.16 1 0
github.com/galxe/spotted-network/pkg/common/contracts/bindings/ecdsa_stake_registry.go:1902.17,1903.16 1 0
github.com/galxe/spotted-network/pkg/common/contracts/bindings/ecdsa_stake_registry.go:1905.28,1906.15 1 0
github.com/galxe/spotted-network/pkg/common/contracts/bindings/ecdsa_stake_registry.go:1907.16,1908.15 1 0
github.com/galxe/spotted-network/pkg/common/contracts/bindings/ecdsa_stake_registry.go:1917.132,1919.92 2 0
github.com/galxe/spotted-network/pkg/common/contracts/bindings/ecdsa_stake_registry.go:1919.92,1921.3 1 0
github.com/galxe/spotted-network/pkg/common/contracts/bindings/ecdsa_stake_registry.go:1922.2,1923.19 2 0
github.com/galxe/spotted-network/pkg/common/contracts/bindings/ecdsa_stake_registry.go:1942.67,1944.20 1 0
github.com/galxe/spotted-network/pkg/common/contracts/bindings/ecdsa_stake_registry.go:1944.20,1946.3 1 0
github.com/galxe/spotted-network/pkg/common/contracts/bindings/ecdsa_stake_registry.go:1948.2,1948.13 1 0
github.com/galxe/spotted-network/pkg/common/contracts/bindings/ecdsa_stake_registry.go:1948.13,1949.10 1 0
github.com/galxe/spotted-network/pkg/common/contracts/bindings/ecdsa_stake_registry.go:1950.25,1952.73 2 0
github.com/galxe/spotted-network/pkg/common/contracts/bindings/ecdsa_stake_registry.go:1952.73,1955.5 2 0
github.com/galxe/spotted-network/pkg/common/contracts/bindings/ecdsa_stake_registry.go:1956.4,1957.15 2 0
github.com/galxe/spotted-network/pkg/common/contracts/bindings/ecdsa_stake_registry.go:1959.11,1960.16 1 0
github.com/galxe/spotted-network/pkg/common/contracts/bindings/ecdsa_stake_registry.go:1964.2,1964.9 1 0
github.com/galxe/spotted-network/pkg/common/contracts/bindings/ecdsa_stake_registry.go:1965.24,1967.72 2 0
github.com/galxe/spotted-network/pkg/common/contracts/bindings/ecdsa_stake_registry.go:1967.72,1970.4 2 0
github.com/galxe/spotted-network/pkg/common/contracts/bindings/ecdsa_stake_registry.go:1971.3,1972.14 2 0
github.com/galxe/spotted-network/pkg/common/contracts/bindings/ecdsa_stake_registry.go:1974.29,1977.19 3 0
github.com/galxe/spotted-network/pkg/common/contracts/bindings/ecdsa_stake_registry.go:1982.69,1984.2 1 0
github.com/galxe/spotted-network/pkg/common/contracts/bindings/ecdsa_stake_registry.go:1988.69,1991.2 2 0
github.com/galxe/spotted-network/pkg/common/contracts/bindings/ecdsa_stake_registry.go:2004.214,2007.40 2 0
github.com/galxe/spotted-network/pkg/common/contracts/bindings/ecdsa_stake_registry.go:2007.40,2009.3 1 0
github.com/galxe/spotted-network/pkg/common/contracts/bindings/ecdsa_stake_registry.go:2010.2,2011.50 2 0
github.com/galxe/spotted-network/pkg/common/contracts/bindings/ecdsa_stake_registry.go:2011.50,2013.3 1 0
github.com/galxe/spotted-network/pkg/common/contracts/bindings/ecdsa_stake_registry.go:2015.2,2016.16 2 0
github.com/galxe/spotted-network/pkg/common/contracts/bindings/ecdsa_stake_registry.go:2016.16,2018.3 1 0
github.com/galxe/spotted-network/pkg/common/contracts/bindings/ecdsa_stake_registry.go:2019.2,2019.146 1 0
github.com/galxe/spotted-network/pkg/common/contracts/bindings/ecdsa_stake_registry.go:2025.236,2028.40 2 0
github.com/galxe/spotted-network/pkg/common/contracts/bindings/ecdsa_stake_registry.go:2028.40,2030.3 1 0
github.com/galxe/spotted-network/pkg/common/contracts/bindings/ecdsa_stake_registry.go:2031.2,2032.50 2 0
github.com/galxe/spotted-network/pkg/common/contracts/bindings/ecdsa_stake_registry.go:2032.50,2034.3 1 0
github.com/galxe/spotted-network/pkg/common/contracts/bindings/ecdsa_stake_registry.go:2036.2,2037.16 2 0
github.com/galxe/spotted-network/pkg/common/contracts/bindings/ecdsa_stake_registry.go:2037.16,2039.3 1 0
github.com/galxe/spotted-network/pkg/common/contracts/bindings/ecdsa_stake_registry.go:2040.2,2040.64 1 0
github.com/galxe/spotted-network/pkg/common/contracts/bindings/ecdsa_stake_registry.go:2040.64,2042.7 2 0
github.com/galxe/spotted-network/pkg/common/contracts/bindings/ecdsa_stake_registry.go:2042.7,2043.11 1 0
github.com/galxe/spotted-network/pkg/common/contracts/bindings/ecdsa_stake_registry.go:2044.23,2047.98 2 0
github.com/galxe/spotted-network/pkg/common/contracts/bindings/ecdsa_stake_registry.go:2047.98,2049.6 1 0
github.com/galxe/spotted-network/pkg/common/contracts/bindings/ecdsa_stake_registry.go:2050.5,2052.12 2 0
github.com/galxe/spotted-network/pkg/common/contracts/bindings/ecdsa_stake_registry.go:2053.24,2053.24 0 0
github.com/galxe/spotted-network/pkg/common/contracts/bindings/ecdsa_stake_registry.go:2054.29,2055.16 1 0
github.com/galxe/spotted-network/pkg/common/contracts/bindings/ecdsa_stake_registry.go:2056.17,2057.16 1 0
github.com/galxe/spotted-network/pkg/common/contracts/bindings/ecdsa_stake_registry.go:2059.28,2060.15 1 0
github.com/galxe/spotted-network/pkg/common/contracts/bindings/ecdsa_stake_registry.go:2061.16,2062.15 1 0
github.com/galxe/spotted-network/pkg/common/contracts/bindings/ecdsa_stake_registry.go:2071.138,2073.95 2 0
github.com/galxe/spotted-network/pkg/common/contracts/bindings/ecdsa_stake_registry.go:2073.95,2075.3 1 0
github.com/galxe/spotted-network/pkg/common/contracts/bindings/ecdsa_stake_registry.go:2076.2,2077.19 2 0
github.com/galxe/spotted-network/pkg/common/contracts/bindings/ecdsa_stake_registry.go:2096.73,2098.20 1 0
github.com/galxe/spotted-network/pkg/common/contracts/bindings/ecdsa_stake_registry.go:2098.20,2100.3 1 0
github.com/galxe/spotted-network/pkg/common/contracts/bindings/ecdsa_stake_registry.go:2102.2,2102.13 1 0
github.com/galxe/spotted-network/pkg/common/contracts/bindings/ecdsa_stake_registry.go:2102.13,2103.10 1 0
github.com/galxe/spotted-network/pkg/common/contracts/bindings/ecdsa_stake_registry.go:2104.25,2106.73 2 0
github.com/galxe/spotted-network/pkg/common/contracts/bindings/ecdsa_stake_registry.go:2106.73,2109.5 2 0
github.com/galxe/spotted-network/pkg/common/contracts/bindings/ecdsa_stake_registry.go:2110.4,2111.15 2 0
github.com/galxe/spotted-network/pkg/common/contracts/bindings/ecdsa_stake_registry.go:2113.11,2114.16 1 0
github.com/galxe/spotted-network/pkg/common/contracts/bindings/ecdsa_stake_registry.go:2118.2,2118.9 1 0
github.com/galxe/spotted-network/pkg/common/contracts/bindings/ecdsa_stake_registry.go:2119.24,2121.72 2 0
github.com/galxe/spotted-network/pkg/common/contracts/bindings/ecdsa_stake_registry.go:2121.72,2124.4 2 0
github.com/galxe/spotted-network/pkg/common/contracts/bindings/ecdsa_stake_registry.go:2125.3,2126.14 2 0
github.com/galxe/spotted-network/pkg/common/contracts/bindings/ecdsa_stake_registry.go:2128.29,2131.19 3 0
github.com/galxe/spotted-network/pkg/common/contracts/bindings/ecdsa_stake_registry.go:2136.75,2138.2 1 0
github.com/galxe/spotted-network/pkg/common/contracts/bindings/ecdsa_stake_registry.go:2142.75,2145.2 2 0
github.com/galxe/spotted-network/pkg/common/contracts/bindings/ecdsa_stake_registry.go:2156.167,2159.16 2 0
github.com/galxe/spotted-network/pkg/common/contracts/bindings/ecdsa_stake_registry.go:2159.16,2161.3 1 0
github.com/galxe/spotted-network/pkg/common/contracts/bindings/ecdsa_stake_registry.go:2162.2,2162.158 1 0
github.com/galxe/spotted-network/pkg/common/contracts/bindings/ecdsa_stake_registry.go:2168.189,2171.16 2 0
github.com/galxe/spotted-network/pkg/common/contracts/bindings/ecdsa_stake_registry.go:2171.16,2173.3 1 0
github.com/galxe/spotted-network/pkg/common/contracts/bindings/ecdsa_stake_registry.go:2174.2,2174.64 1 0
github.com/galxe/spotted-network/pkg/common/contracts/bindings/ecdsa_stake_registry.go:2174.64,2176.7 2 0
github.com/galxe/spotted-network/pkg/common/contracts/bindings/ecdsa_stake_registry.go:2176.7,2177.11 1 0
github.com/galxe/spotted-network/pkg/common/contracts/bindings/ecdsa_stake_registry.go:2178.23,2181.104 2 0
github.com/galxe/spotted-network/pkg/common/contracts/bindings/ecdsa_stake_registry.go:2181.104,2183.6 1 0
github.com/galxe/spotted-network/pkg/common/contracts/bindings/ecdsa_stake_registry.go:2184.5,2186.12 2 0
github.com/galxe/spotted-network/pkg/common/contracts/bindings/ecdsa_stake_registry.go:2187.24,2187.24 0 0
github.com/galxe/spotted-network/pkg/common/contracts/bindings/ecdsa_stake_registry.go:2188.29,2189.16 1 0
github.com/galxe/spotted-network/pkg/common/contracts/bindings/ecdsa_stake_registry.go:2190.17,2191.16 1 0
github.com/galxe/spotted-network/pkg/common/contracts/bindings/ecdsa_stake_registry.go:2193.28,2194.15 1 0
github.com/galxe/spotted-network/pkg/common/contracts/bindings/ecdsa_stake_registry.go:2195.16,2196.15 1 0
github.com/galxe/spotted-network/pkg/common/contracts/bindings/ecdsa_stake_registry.go:2205.150,2207.101 2 0
github.com/galxe/spotted-network/pkg/common/contracts/bindings/ecdsa_stake_registry.go:2207.101,2209.3 1 0
github.com/galxe/spotted-network/pkg/common/contracts/bindings/ecdsa_stake_registry.go:2210.2,2211.19 2 0
github.com/galxe/spotted-network/pkg/common/contracts/bindings/ecdsa_stake_registry.go:2230.69,2232.20 1 0
github.com/galxe/spotted-network/pkg/common/contracts/bindings/ecdsa_stake_registry.go:2232.20,2234.3 1 0
github.com/galxe/spotted-network/pkg/common/contracts/bindings/ecdsa_stake_registry.go:2236.2,2236.13 1 0
github.com/galxe/spotted-network/pkg/common/contracts/bindings/ecdsa_stake_registry.go:2236.13,2237.10 1 0
github.com/galxe/spotted-network/pkg/common/contracts/bindings/ecdsa_stake_registry.go:2238.25,2240.73 2 0
github.com/galxe/spotted-network/pkg/common/contracts/bindings/ecdsa_stake_registry.go:2240.73,2243.5 2 0
github.com/galxe/spotted-network/pkg/common/contracts/bindings/ecdsa_stake_registry.go:2244.4,2245.15 2 0
github.com/galxe/spotted-network/pkg/common/contracts/bindings/ecdsa_stake_registry.go:2247.11,2248.16 1 0
github.com/galxe/spotted-network/pkg/common/contracts/bindings/ecdsa_stake_registry.go:2252.2,2252.9 1 0
github.com/galxe/spotted-network/pkg/common/contracts/bindings/ecdsa_stake_registry.go:2253.24,2255.72 2 0
github.com/galxe/spotted-network/pkg/common/contracts/bindings/ecdsa_stake_registry.go:2255.72,2258.4 2 0
github.com/galxe/spotted-network/pkg/common/contracts/bindings/ecdsa_stake_registry.go:2259.3,2260.14 2 0
github.com/galxe/spotted-network/pkg/common/contracts/bindings/ecdsa_stake_registry.go:2262.29,2265.19 3 0
github.com/galxe/spotted-network/pkg/common/contracts/bindings/ecdsa_stake_registry.go:2270.71,2272.2 1 0
github.com/galxe/spotted-network/pkg/common/contracts/bindings/ecdsa_stake_registry.go:2276.71,2279.2 2 0
github.com/galxe/spotted-network/pkg/common/contracts/bindings/ecdsa_stake_registry.go:2291.159,2294.16 2 0
github.com/galxe/spotted-network/pkg/common/contracts/bindings/ecdsa_stake_registry.go:2294.16,2296.3 1 0
github.com/galxe/spotted-network/pkg/common/contracts/bindings/ecdsa_stake_registry.go:2297.2,2297.150 1 0
github.com/galxe/spotted-network/pkg/common/contracts/bindings/ecdsa_stake_registry.go:2303.181,2306.16 2 0
github.com/galxe/spotted-network/pkg/common/contracts/bindings/ecdsa_stake_registry.go:2306.16,2308.3 1 0
github.com/galxe/spotted-network/pkg/common/contracts/bindings/ecdsa_stake_registry.go:2309.2,2309.64 1 0
github.com/galxe/spotted-network/pkg/common/contracts/bindings/ecdsa_stake_registry.go:2309.64,2311.7 2 0
github.com/galxe/spotted-network/pkg/common/contracts/bindings/ecdsa_stake_registry.go:2311.7,2312.11 1 0
github.com/galxe/spotted-network/pkg/common/contracts/bindings/ecdsa_stake_registry.go:2313.23,2316.100 2 0
github.com/galxe/spotted-network/pkg/common/contracts/bindings/ecdsa_stake_registry.go:2316.100,2318.6 1 0
github.com/galxe/spotted-network/pkg/common/contracts/bindings/ecdsa_stake_registry.go:2319.5,2321.12 2 0
github.com/galxe/spotted-network/pkg/common/contracts/bindings/ecdsa_stake_registry.go:2322.24,2322.24 0 0
github.com/galxe/spotted-network/pkg/common/contracts/bindings/ecdsa_stake_registry.go:2323.29,2324.16 1 0
github.com/galxe/spotted-network/pkg/common/contracts/bindings/ecdsa_stake_registry.go:2325.17,2326.16 1 0
github.com/galxe/spotted-network/pkg/common/contracts/bindings/ecdsa_stake_registry.go:2328.28,2329.15 1 0
github.com/galxe/spotted-network/pkg/common/contracts/bindings/ecdsa_stake_registry.go:2330.16,2331.15 1 0
github.com/galxe/spotted-network/pkg/common/contracts/bindings/ecdsa_stake_registry.go:2340.142,2342.97 2 0
github.com/galxe/spotted-network/pkg/common/contracts/bindings/ecdsa_stake_registry.go:2342.97,2344.3 1 0
github.com/galxe/spotted-network/pkg/common/contracts/bindings/ecdsa_stake_registry.go:2345.2,2346.19 2 0
github.com/galxe/spotted-network/pkg/common/contracts/bindings/ecdsa_stake_registry.go:2365.70,2367.20 1 0
[...]
github.com/galxe/spotted-network/proto/registry.pb.go:211.2,211.11 1 0
github.com/galxe/spotted-network/proto/registry.pb.go:214.47,215.14 1 0
github.com/galxe/spotted-network/proto/registry.pb.go:215.14,217.3 1 0
github.com/galxe/spotted-network/proto/registry.pb.go:218.2,218.11 1 0
github.com/galxe/spotted-network/proto/registry.pb.go:221.49,222.14 1 0
github.com/galxe/spotted-network/proto/registry.pb.go:222.14,224.3 1 0
github.com/galxe/spotted-network/proto/registry.pb.go:225.2,225.10 1 0
github.com/galxe/spotted-network/proto/registry.pb.go:228.49,229.14 1 0
github.com/galxe/spotted-network/proto/registry.pb.go:229.14,231.3 1 0
github.com/galxe/spotted-network/proto/registry.pb.go:232.2,232.11 1 0
github.com/galxe/spotted-network/proto/registry.pb.go:235.52,236.14 1 0
github.com/galxe/spotted-network/proto/registry.pb.go:236.14,238.3 1 0
github.com/galxe/spotted-network/proto/registry.pb.go:239.2,239.12 1 0
github.com/galxe/spotted-network/proto/registry.pb.go:249.37,254.2 4 0
github.com/galxe/spotted-network/proto/registry.pb.go:256.45,258.2 1 0
github.com/galxe/spotted-network/proto/registry.pb.go:260.43,260.44 0 0
github.com/galxe/spotted-network/proto/registry.pb.go:262.65,264.14 2 0
github.com/galxe/spotted-network/proto/registry.pb.go:264.14,266.34 2 0
github.com/galxe/spotted-network/proto/registry.pb.go:266.34,268.4 1 0
github.com/galxe/spotted-network/proto/registry.pb.go:269.3,269.12 1 0
github.com/galxe/spotted-network/proto/registry.pb.go:271.2,271.24 1 0
github.com/galxe/spotted-network/proto/registry.pb.go:275.56,277.2 1 0
github.com/galxe/spotted-network/proto/registry.pb.go:292.36,297.2 4 0
github.com/galxe/spotted-network/proto/registry.pb.go:299.44,301.2 1 0
github.com/galxe/spotted-network/proto/registry.pb.go:303.42,303.43 0 0
github.com/galxe/spotted-network/proto/registry.pb.go:305.64,307.14 2 0
github.com/galxe/spotted-network/proto/registry.pb.go:307.14,309.34 2 0
github.com/galxe/spotted-network/proto/registry.pb.go:309.34,311.4 1 0
github.com/galxe/spotted-network/proto/registry.pb.go:312.3,312.12 1 0
github.com/galxe/spotted-network/proto/registry.pb.go:314.2,314.24 1 0
github.com/galxe/spotted-network/proto/registry.pb.go:318.55,320.2 1 0
github.com/galxe/spotted-network/proto/registry.pb.go:322.46,323.14 1 0
github.com/galxe/spotted-network/proto/registry.pb.go:323.14,325.3 1 0
github.com/galxe/spotted-network/proto/registry.pb.go:326.2,326.14 1 0
github.com/galxe/spotted-network/proto/registry.pb.go:329.48,330.14 1 0
github.com/galxe/spotted-network/proto/registry.pb.go:330.14,332.3 1 0
github.com/galxe/spotted-network/proto/registry.pb.go:333.2,333.11 1 0
github.com/galxe/spotted-network/proto/registry.pb.go:336.70,337.14 1 0
github.com/galxe/spotted-network/proto/registry.pb.go:337.14,339.3 1 0
github.com/galxe/spotted-network/proto/registry.pb.go:340.2,340.12 1 0
github.com/galxe/spotted-network/proto/registry.pb.go:394.47,395.44 1 0
github.com/galxe/spotted-network/proto/registry.pb.go:395.44,397.3 1 0
github.com/galxe/spotted-network/proto/registry.pb.go:398.2,398.40 1 0
github.com/galxe/spotted-network/proto/registry.pb.go:423.13,423.43 1 0
github.com/galxe/spotted-network/proto/registry.pb.go:424.33,425.32 1 0
github.com/galxe/spotted-network/proto/registry.pb.go:425.32,427.3 1 0
github.com/galxe/spotted-network/proto/registry.pb.go:428.2,451.35 8 0
github.com/galxe/spotted-network/proto/sync.pb.go:32.38,37.2 4 0
github.com/galxe/spotted-network/proto/sync.pb.go:39.46,41.2 1 0
github.com/galxe/spotted-network/proto/sync.pb.go:43.44,43.45 0 0
github.com/galxe/spotted-network/proto/sync.pb.go:45.66,47.14 2 0
github.com/galxe/spotted-network/proto/sync.pb.go:47.14,49.34 2 0
github.com/galxe/spotted-network/proto/sync.pb.go:49.34,51.4 1 0
github.com/galxe/spotted-network/proto/sync.pb.go:52.3,52.12 1 0
github.com/galxe/spotted-network/proto/sync.pb.go:54.2,54.24 1 0
github.com/galxe/spotted-network/proto/sync.pb.go:58.57,60.2 1 0
github.com/galxe/spotted-network/proto/sync.pb.go:62.52,63.14 1 0
github.com/galxe/spotted-network/proto/sync.pb.go:63.14,65.3 1 0
github.com/galxe/spotted-network/proto/sync.pb.go:66.2,66.12 1 0
github.com/galxe/spotted-network/proto/sync.pb.go:82.39,87.2 4 0
github.com/galxe/spotted-network/proto/sync.pb.go:89.47,91.2 1 0
github.com/galxe/spotted-network/proto/sync.pb.go:93.45,93.46 0 0
github.com/galxe/spotted-network/proto/sync.pb.go:95.67,97.14 2 0
github.com/galxe/spotted-network/proto/sync.pb.go:97.14,99.34 2 0
github.com/galxe/spotted-network/proto/sync.pb.go:99.34,101.4 1 0
github.com/galxe/spotted-network/proto/sync.pb.go:102.3,102.12 1 0
github.com/galxe/spotted-network/proto/sync.pb.go:104.2,104.24 1 0
github.com/galxe/spotted-network/proto/sync.pb.go:108.58,110.2 1 0
github.com/galxe/spotted-network/proto/sync.pb.go:112.49,113.14 1 0
github.com/galxe/spotted-network/proto/sync.pb.go:113.14,115.3 1 0
github.com/galxe/spotted-network/proto/sync.pb.go:116.2,116.14 1 0
github.com/galxe/spotted-network/proto/sync.pb.go:119.51,120.14 1 0
github.com/galxe/spotted-network/proto/sync.pb.go:120.14,122.3 1 0
github.com/galxe/spotted-network/proto/sync.pb.go:123.2,123.11 1 0
github.com/galxe/spotted-network/proto/sync.pb.go:126.67,127.14 1 0
github.com/galxe/spotted-network/proto/sync.pb.go:127.14,129.3 1 0
github.com/galxe/spotted-network/proto/sync.pb.go:130.2,130.12 1 0
github.com/galxe/spotted-network/proto/sync.pb.go:147.37,152.2 4 0
github.com/galxe/spotted-network/proto/sync.pb.go:154.45,156.2 1 0
github.com/galxe/spotted-network/proto/sync.pb.go:158.43,158.44 0 0
github.com/galxe/spotted-network/proto/sync.pb.go:160.65,162.14 2 0
github.com/galxe/spotted-network/proto/sync.pb.go:162.14,164.34 2 0
github.com/galxe/spotted-network/proto/sync.pb.go:164.34,166.4 1 0
github.com/galxe/spotted-network/proto/sync.pb.go:167.3,167.12 1 0
github.com/galxe/spotted-network/proto/sync.pb.go:169.2,169.24 1 0
github.com/galxe/spotted-network/proto/sync.pb.go:173.56,175.2 1 0
github.com/galxe/spotted-network/proto/sync.pb.go:177.48,178.14 1 0
github.com/galxe/spotted-network/proto/sync.pb.go:178.14,180.3 1 0
github.com/galxe/spotted-network/proto/sync.pb.go:181.2,181.11 1 0
github.com/galxe/spotted-network/proto/sync.pb.go:184.54,185.14 1 0
github.com/galxe/spotted-network/proto/sync.pb.go:185.14,187.3 1 0
github.com/galxe/spotted-network/proto/sync.pb.go:188.2,188.12 1 0
github.com/galxe/spotted-network/proto/sync.pb.go:191.49,192.14 1 0
github.com/galxe/spotted-network/proto/sync.pb.go:192.14,194.3 1 0
github.com/galxe/spotted-network/proto/sync.pb.go:195.2,195.11 1 0
github.com/galxe/spotted-network/proto/sync.pb.go:198.52,199.14 1 0
github.com/galxe/spotted-network/proto/sync.pb.go:199.14,201.3 1 0
github.com/galxe/spotted-network/proto/sync.pb.go:202.2,202.11 1 0
github.com/galxe/spotted-network/proto/sync.pb.go:205.48,206.14 1 0
github.com/galxe/spotted-network/proto/sync.pb.go:206.14,208.3 1 0
github.com/galxe/spotted-network/proto/sync.pb.go:209.2,209.11 1 0
github.com/galxe/spotted-network/proto/sync.pb.go:225.33,230.2 4 0
github.com/galxe/spotted-network/proto/sync.pb.go:232.41,234.2 1 0
github.com/galxe/spotted-network/proto/sync.pb.go:236.39,236.40 0 0
github.com/galxe/spotted-network/proto/sync.pb.go:238.61,240.14 2 0
github.com/galxe/spotted-network/proto/sync.pb.go:240.14,242.34 2 0
github.com/galxe/spotted-network/proto/sync.pb.go:242.34,244.4 1 0
github.com/galxe/spotted-network/proto/sync.pb.go:245.3,245.12 1 0
github.com/galxe/spotted-network/proto/sync.pb.go:247.2,247.24 1 0
github.com/galxe/spotted-network/proto/sync.pb.go:251.52,253.2 1 0
github.com/galxe/spotted-network/proto/sync.pb.go:255.61,256.14 1 0
github.com/galxe/spotted-network/proto/sync.pb.go:256.14,258.3 1 0
github.com/galxe/spotted-network/proto/sync.pb.go:259.2,259.12 1 0
github.com/galxe/spotted-network/proto/sync.pb.go:262.43,263.32 1 0
github.com/galxe/spotted-network/proto/sync.pb.go:263.32,265.3 1 0
github.com/galxe/spotted-network/proto/sync.pb.go:266.2,266.10 1 0
github.com/galxe/spotted-network/proto/sync.pb.go:277.34,282.2 4 0
github.com/galxe/spotted-network/proto/sync.pb.go:284.42,286.2 1 0
github.com/galxe/spotted-network/proto/sync.pb.go:288.40,288.41 0 0
github.com/galxe/spotted-network/proto/sync.pb.go:290.62,292.14 2 0
github.com/galxe/spotted-network/proto/sync.pb.go:292.14,294.34 2 0
github.com/galxe/spotted-network/proto/sync.pb.go:294.34,296.4 1 0
github.com/galxe/spotted-network/proto/sync.pb.go:297.3,297.12 1 0
github.com/galxe/spotted-network/proto/sync.pb.go:299.2,299.24 1 0
github.com/galxe/spotted-network/proto/sync.pb.go:303.53,305.2 1 0
github.com/galxe/spotted-network/proto/sync.pb.go:307.62,308.14 1 0
github.com/galxe/spotted-network/proto/sync.pb.go:308.14,310.3 1 0
github.com/galxe/spotted-network/proto/sync.pb.go:311.2,311.12 1 0
github.com/galxe/spotted-network/proto/sync.pb.go:323.37,328.2 4 0
github.com/galxe/spotted-network/proto/sync.pb.go:330.45,332.2 1 0
github.com/galxe/spotted-network/proto/sync.pb.go:334.43,334.44 0 0
github.com/galxe/spotted-network/proto/sync.pb.go:336.65,338.14 2 0
github.com/galxe/spotted-network/proto/sync.pb.go:338.14,340.34 2 0
github.com/galxe/spotted-network/proto/sync.pb.go:340.34,342.4 1 0
github.com/galxe/spotted-network/proto/sync.pb.go:343.3,343.12 1 0
github.com/galxe/spotted-network/proto/sync.pb.go:345.2,345.24 1 0
github.com/galxe/spotted-network/proto/sync.pb.go:349.56,351.2 1 0
github.com/galxe/spotted-network/proto/sync.pb.go:353.47,354.14 1 0
github.com/galxe/spotted-network/proto/sync.pb.go:354.14,356.3 1 0
github.com/galxe/spotted-network/proto/sync.pb.go:357.2,357.14 1 0
github.com/galxe/spotted-network/proto/sync.pb.go:360.49,361.14 1 0
github.com/galxe/spotted-network/proto/sync.pb.go:361.14,363.3 1 0
github.com/galxe/spotted-network/proto/sync.pb.go:364.2,364.11 1 0
github.com/galxe/spotted-network/proto/sync.pb.go:376.37,381.2 4 0
github.com/galxe/spotted-network/proto/sync.pb.go:383.45,385.2 1 0
github.com/galxe/spotted-network/proto/sync.pb.go:387.43,387.44 0 0
github.com/galxe/spotted-network/proto/sync.pb.go:389.65,391.14 2 0
github.com/galxe/spotted-network/proto/sync.pb.go:391.14,393.34 2 0
github.com/galxe/spotted-network/proto/sync.pb.go:393.34,395.4 1 0
github.com/galxe/spotted-network/proto/sync.pb.go:396.3,396.12 1 0
github.com/galxe/spotted-network/proto/sync.pb.go:398.2,398.24 1 0
github.com/galxe/spotted-network/proto/sync.pb.go:402.56,404.2 1 0
github.com/galxe/spotted-network/proto/sync.pb.go:406.51,407.14 1 0
github.com/galxe/spotted-network/proto/sync.pb.go:407.14,409.3 1 0
github.com/galxe/spotted-network/proto/sync.pb.go:410.2,410.11 1 0
github.com/galxe/spotted-network/proto/sync.pb.go:413.51,414.14 1 0
github.com/galxe/spotted-network/proto/sync.pb.go:414.14,416.3 1 0
github.com/galxe/spotted-network/proto/sync.pb.go:417.2,417.14 1 0
github.com/galxe/spotted-network/proto/sync.pb.go:420.59,421.14 1 0
github.com/galxe/spotted-network/proto/sync.pb.go:421.14,423.3 1 0
github.com/galxe/spotted-network/proto/sync.pb.go:424.2,424.12 1 0
github.com/galxe/spotted-network/proto/sync.pb.go:490.43,491.40 1 0
github.com/galxe/spotted-network/proto/sync.pb.go:491.40,493.3 1 0
github.com/galxe/spotted-network/proto/sync.pb.go:494.2,494.36 1 0
github.com/galxe/spotted-network/proto/sync.pb.go:519.13,519.39 1 0
github.com/galxe/spotted-network/proto/sync.pb.go:520.29,521.28 1 0
github.com/galxe/spotted-network/proto/sync.pb.go:521.28,523.3 1 0
github.com/galxe/spotted-network/proto/sync.pb.go:524.2,543.31 8 0
github.com/galxe/spotted-network/proto/task.pb.go:42.39,47.2 4 0
github.com/galxe/spotted-network/proto/task.pb.go:49.47,51.2 1 0
github.com/galxe/spotted-network/proto/task.pb.go:53.45,53.46 0 0
github.com/galxe/spotted-network/proto/task.pb.go:55.67,57.14 2 0
github.com/galxe/spotted-network/proto/task.pb.go:57.14,59.34 2 0
github.com/galxe/spotted-network/proto/task.pb.go:59.34,61.4 1 0
github.com/galxe/spotted-network/proto/task.pb.go:62.3,62.12 1 0
github.com/galxe/spotted-network/proto/task.pb.go:64.2,64.24 1 0
github.com/galxe/spotted-network/proto/task.pb.go:68.58,70.2 1 0
github.com/galxe/spotted-network/proto/task.pb.go:72.50,73.14 1 0
github.com/galxe/spotted-network/proto/task.pb.go:73.14,75.3 1 0
github.com/galxe/spotted-network/proto/task.pb.go:76.2,76.11 1 0
github.com/galxe/spotted-network/proto/task.pb.go:79.59,80.14 1 0
github.com/galxe/spotted-network/proto/task.pb.go:80.14,82.3 1 0
github.com/galxe/spotted-network/proto/task.pb.go:83.2,83.11 1 0
github.com/galxe/spotted-network/proto/task.pb.go:86.54,87.14 1 0
github.com/galxe/spotted-network/proto/task.pb.go:87.14,89.3 1 0
github.com/galxe/spotted-network/proto/task.pb.go:90.2,90.11 1 0
github.com/galxe/spotted-network/proto/task.pb.go:93.53,94.14 1 0
github.com/galxe/spotted-network/proto/task.pb.go:94.14,96.3 1 0
github.com/galxe/spotted-network/proto/task.pb.go:97.2,97.12 1 0
github.com/galxe/spotted-network/proto/task.pb.go:100.49,101.14 1 0
github.com/galxe/spotted-network/proto/task.pb.go:101.14,103.3 1 0
github.com/galxe/spotted-network/proto/task.pb.go:104.2,104.10 1 0
github.com/galxe/spotted-network/proto/task.pb.go:107.51,108.14 1 0
github.com/galxe/spotted-network/proto/task.pb.go:108.14,110.3 1 0
github.com/galxe/spotted-network/proto/task.pb.go:111.2,111.10 1 0
github.com/galxe/spotted-network/proto/task.pb.go:114.57,115.14 1 0
github.com/galxe/spotted-network/proto/task.pb.go:115.14,117.3 1 0
github.com/galxe/spotted-network/proto/task.pb.go:118.2,118.11 1 0
github.com/galxe/spotted-network/proto/task.pb.go:121.47,122.14 1 0
github.com/galxe/spotted-network/proto/task.pb.go:122.14,124.3 1 0
github.com/galxe/spotted-network/proto/task.pb.go:125.2,125.11 1 0
github.com/galxe/spotted-network/proto/task.pb.go:128.49,129.14 1 0
github.com/galxe/spotted-network/proto/task.pb.go:129.14,131.3 1 0
github.com/galxe/spotted-network/proto/task.pb.go:132.2,132.11 1 0
github.com/galxe/spotted-network/proto/task.pb.go:135.55,136.14 1 0
github.com/galxe/spotted-network/proto/task.pb.go:136.14,138.3 1 0
github.com/galxe/spotted-network/proto/task.pb.go:139.2,139.10 1 0
github.com/galxe/spotted-network/proto/task.pb.go:142.53,143.14 1 0
github.com/galxe/spotted-network/proto/task.pb.go:143.14,145.3 1 0
github.com/galxe/spotted-network/proto/task.pb.go:146.2,146.10 1 0
github.com/galxe/spotted-network/proto/task.pb.go:163.31,168.2 4 0
github.com/galxe/spotted-network/proto/task.pb.go:170.39,172.2 1 0
github.com/galxe/spotted-network/proto/task.pb.go:174.37,174.38 0 0
github.com/galxe/spotted-network/proto/task.pb.go:176.59,178.14 2 0
github.com/galxe/spotted-network/proto/task.pb.go:178.14,180.34 2 0
github.com/galxe/spotted-network/proto/task.pb.go:180.34,182.4 1 0
github.com/galxe/spotted-network/proto/task.pb.go:183.3,183.12 1 0
github.com/galxe/spotted-network/proto/task.pb.go:185.2,185.24 1 0
github.com/galxe/spotted-network/proto/task.pb.go:189.50,191.2 1 0
github.com/galxe/spotted-network/proto/task.pb.go:193.42,194.14 1 0
github.com/galxe/spotted-network/proto/task.pb.go:194.14,196.3 1 0
github.com/galxe/spotted-network/proto/task.pb.go:197.2,197.11 1 0
github.com/galxe/spotted-network/proto/task.pb.go:200.43,201.14 1 0
github.com/galxe/spotted-network/proto/task.pb.go:201.14,203.3 1 0
github.com/galxe/spotted-network/proto/task.pb.go:204.2,204.10 1 0
github.com/galxe/spotted-network/proto/task.pb.go:207.49,208.14 1 0
github.com/galxe/spotted-network/proto/task.pb.go:208.14,210.3 1 0
github.com/galxe/spotted-network/proto/task.pb.go:211.2,211.11 1 0
github.com/galxe/spotted-network/proto/task.pb.go:214.39,215.14 1 0
github.com/galxe/spotted-network/proto/task.pb.go:215.14,217.3 1 0
github.com/galxe/spotted-network/proto/task.pb.go:218.2,218.11 1 0
github.com/galxe/spotted-network/proto/task.pb.go:221.47,222.14 1 0
github.com/galxe/spotted-network/proto/task.pb.go:222.14,224.3 1 0
github.com/galxe/spotted-network/proto/task.pb.go:225.2,225.10 1 0
github.com/galxe/spotted-network/proto/task.pb.go:228.45,229.14 1 0
github.com/galxe/spotted-network/proto/task.pb.go:229.14,231.3 1 0
github.com/galxe/spotted-network/proto/task.pb.go:232.2,232.10 1 0
github.com/galxe/spotted-network/proto/task.pb.go:235.41,236.14 1 0
github.com/galxe/spotted-network/proto/task.pb.go:236.14,238.3 1 0
github.com/galxe/spotted-network/proto/task.pb.go:239.2,239.10 1 0
github.com/galxe/spotted-network/proto/task.pb.go:254.43,259.2 4 0
github.com/galxe/spotted-network/proto/task.pb.go:261.51,263.2 1 0
github.com/galxe/spotted-network/proto/task.pb.go:265.49,265.50 0 0
github.com/galxe/spotted-network/proto/task.pb.go:267.71,269.14 2 0
github.com/galxe/spotted-network/proto/task.pb.go:269.14,271.34 2 0
github.com/galxe/spotted-network/proto/task.pb.go:271.34,273.4 1 0
github.com/galxe/spotted-network/proto/task.pb.go:274.3,274.12 1 0
github.com/galxe/spotted-network/proto/task.pb.go:276.2,276.24 1 0
github.com/galxe/spotted-network/proto/task.pb.go:280.62,282.2 1 0
github.com/galxe/spotted-network/proto/task.pb.go:284.54,285.14 1 0
github.com/galxe/spotted-network/proto/task.pb.go:285.14,287.3 1 0
github.com/galxe/spotted-network/proto/task.pb.go:288.2,288.11 1 0
github.com/galxe/spotted-network/proto/task.pb.go:291.53,292.14 1 0
github.com/galxe/spotted-network/proto/task.pb.go:292.14,294.3 1 0
github.com/galxe/spotted-network/proto/task.pb.go:295.2,295.10 1 0
github.com/galxe/spotted-network/proto/task.pb.go:298.77,299.14 1 0
github.com/galxe/spotted-network/proto/task.pb.go:299.14,301.3 1 0
github.com/galxe/spotted-network/proto/task.pb.go:302.2,302.12 1 0
github.com/galxe/spotted-network/proto/task.pb.go:305.68,306.14 1 0
github.com/galxe/spotted-network/proto/task.pb.go:306.14,308.3 1 0
github.com/galxe/spotted-network/proto/task.pb.go:309.2,309.12 1 0
github.com/galxe/spotted-network/proto/task.pb.go:312.82,313.14 1 0
github.com/galxe/spotted-network/proto/task.pb.go:313.14,315.3 1 0
github.com/galxe/spotted-network/proto/task.pb.go:316.2,316.12 1 0
github.com/galxe/spotted-network/proto/task.pb.go:395.43,396.40 1 0
github.com/galxe/spotted-network/proto/task.pb.go:396.40,398.3 1 0
github.com/galxe/spotted-network/proto/task.pb.go:399.2,399.36 1 0
github.com/galxe/spotted-network/proto/task.pb.go:420.13,420.39 1 0
github.com/galxe/spotted-network/proto/task.pb.go:421.29,422.28 1 0
github.com/galxe/spotted-network/proto/task.pb.go:422.28,424.3 1 0
github.com/galxe/spotted-network/proto/task.pb.go:425.2,442.31 6 0
github.com/galxe/spotted-network/scripts/generate_keys.go:13.13,16.51 2 0
github.com/galxe/spotted-network/scripts/generate_keys.go:16.51,17.13 1 0
github.com/galxe/spotted-network/scripts/generate_keys.go:21.2,22.16 2 0
github.com/galxe/spotted-network/scripts/generate_keys.go:22.16,23.13 1 0
github.com/galxe/spotted-network/scripts/generate_keys.go:25.2,25.26 1 0
github.com/galxe/spotted-network/scripts/generate_keys.go:25.26,26.38 1 0
github.com/galxe/spotted-network/scripts/generate_keys.go:26.38,27.14 1 0
github.com/galxe/spotted-network/scripts/generate_keys.go:31.2,34.26 2 0
github.com/galxe/spotted-network/scripts/generate_keys.go:34.26,37.17 2 0
github.com/galxe/spotted-network/scripts/generate_keys.go:37.17,38.14 1 0
github.com/galxe/spotted-network/scripts/generate_keys.go:42.3,46.17 3 0
github.com/galxe/spotted-network/scripts/generate_keys.go:46.17,47.14 1 0
github.com/galxe/spotted-network/scripts/generate_keys.go:51.3,52.17 2 0
github.com/galxe/spotted-network/scripts/generate_keys.go:52.17,53.14 1 0
github.com/galxe/spotted-network/scripts/generate_keys.go:56.3,57.27 2 0
github.com/galxe/spotted-network/scripts/generate_keys.go:57.27,58.52 1 0
github.com/galxe/spotted-network/scripts/generate_keys.go:58.52,60.10 2 0
github.com/galxe/spotted-network/scripts/generate_keys.go:64.3,64.20 1 0
github.com/galxe/spotted-network/scripts/generate_keys.go:64.20,65.36 1 0
github.com/galxe/spotted-network/scripts/generate_keys.go:69.3,70.53 2 0
github.com/galxe/spotted-network/scripts/generate_keys.go:70.53,71.14 1 0
github.com/galxe/spotted-network/scripts/generate_keys.go:75.3,80.37 6 0
